#
# There is insufficient memory for the Java Runtime Environment to continue.
# Native memory allocation (malloc) failed to allocate 1079856 bytes. Error detail: Chunk::new
# Possible reasons:
#   The system is out of physical RAM or swap space
#   This process is running with CompressedOops enabled, and the Java Heap may be blocking the growth of the native heap
# Possible solutions:
#   Reduce memory load on the system
#   Increase physical memory or swap space
#   Check if swap backing store is full
#   Decrease Java heap size (-Xmx/-Xms)
#   Decrease number of Java threads
#   Decrease Java thread stack sizes (-Xss)
#   Set larger code cache with -XX:ReservedCodeCacheSize=
#   JVM is running with Unscaled Compressed Oops mode in which the Java heap is
#     placed in the first 4GB address space. The Java Heap base address is the
#     maximum limit for the native heap growth. Please use -XX:HeapBaseMinAddress
#     to set the Java Heap base and to place the Java Heap above 4GB virtual address.
# This output file may be truncated or incomplete.
#
#  Out of Memory Error (arena.cpp:168), pid=19096, tid=24696
#
# JRE version: OpenJDK Runtime Environment Temurin-21.0.11+10 (21.0.11+10) (build 21.0.11+10-LTS)
# Java VM: OpenJDK 64-Bit Server VM Temurin-21.0.11+10 (21.0.11+10-LTS, mixed mode, sharing, tiered, compressed oops, compressed class ptrs, parallel gc, windows-amd64)
# No core dump will be written. Minidumps are not enabled by default on client versions of Windows
#

---------------  S U M M A R Y ------------

Command Line: --add-modules=ALL-SYSTEM --add-opens=java.base/java.util=ALL-UNNAMED --add-opens=java.base/java.lang=ALL-UNNAMED --add-opens=java.base/sun.nio.fs=ALL-UNNAMED -Declipse.application=org.eclipse.jdt.ls.core.id1 -Dosgi.bundles.defaultStartLevel=4 -Declipse.product=org.eclipse.jdt.ls.core.product -Djava.import.generatesMetadataFilesAtProjectRoot=false -DDetectVMInstallationsJob.disabled=true -Dfile.encoding=utf8 -XX:+UseParallelGC -XX:GCTimeRatio=4 -XX:AdaptiveSizePolicyWeight=90 -Dsun.zip.disableMemoryMapping=true -Xmx2G -Xms100m -Xlog:disable -javaagent:c:\Users\LENOVO\.vscode\extensions\redhat.java-1.55.0-win32-x64\lombok\lombok-1.18.39-4050.jar c:\Users\LENOVO\.vscode\extensions\redhat.java-1.55.0-win32-x64\server\plugins\org.eclipse.equinox.launcher_1.7.200.v20260619-2039.jar -configuration c:\Users\LENOVO\AppData\Roaming\Code\User\globalStorage\redhat.java\1.55.0\config_ss_win -data c:\Users\LENOVO\AppData\Roaming\Code\User\workspaceStorage\84a9ee0c8d2d6fa00e0b82af2be657ab\redhat.java\ss_ws --pipe=\\.\pipe\lsp-ce7b22aa0fbd2287242f5e2a98477c1b-sock

Host: AMD Ryzen 5 5500U with Radeon Graphics         , 12 cores, 5G,  Windows 11 , 64 bit Build 26100 (10.0.26100.8737)
Time: Tue Jun 30 20:17:54 2026 India Standard Time elapsed time: 16.793268 seconds (0d 0h 0m 16s)

---------------  T H R E A D  ---------------

Current thread (0x000001e7dda6dd90):  JavaThread "C2 CompilerThread0" daemon [_thread_in_native, id=24696, stack(0x0000002d63600000,0x0000002d63700000) (1024K)]


Current CompileTask:
C2:16793 3646       4       java.lang.invoke.MethodType::methodType (69 bytes)

Stack: [0x0000002d63600000,0x0000002d63700000]
Native frames: (J=compiled Java code, j=interpreted, Vv=VM code, C=native code)
V  [jvm.dll+0x6d7e19]
V  [jvm.dll+0x8b5096]
V  [jvm.dll+0x8b764e]
V  [jvm.dll+0x8b7d33]
V  [jvm.dll+0x284596]
V  [jvm.dll+0xc685d]
V  [jvm.dll+0xc6da1]
V  [jvm.dll+0x2fb4ee]
V  [jvm.dll+0x5fe9a4]
V  [jvm.dll+0x255d67]
V  [jvm.dll+0x25612d]
V  [jvm.dll+0x24e6a0]
V  [jvm.dll+0x24bbe6]
V  [jvm.dll+0x1cb4ae]
V  [jvm.dll+0x25baad]
V  [jvm.dll+0x25a03a]
V  [jvm.dll+0x3f868e]
V  [jvm.dll+0x85fb0d]
V  [jvm.dll+0x6d664d]
C  [ucrtbase.dll+0x2cd30]
C  [KERNEL32.DLL+0x2e957]
C  [ntdll.dll+0xaad6c]


---------------  P R O C E S S  ---------------

Threads class SMR info:
_java_thread_list=0x000001e7fb85a810, length=48, elements={
0x000001e7ddaceaa0, 0x000001e7dda606e0, 0x000001e7dda66fe0, 0x000001e7dda68b80,
0x000001e7dda695e0, 0x000001e7dda6a040, 0x000001e7dda6aaa0, 0x000001e7dda6dd90,
0x000001e7f57da920, 0x000001e7f59bc820, 0x000001e7f5a89c00, 0x000001e7f6e1a780,
0x000001e7f6bd5630, 0x000001e7f6aa27c0, 0x000001e7f6d28660, 0x000001e7f6e6bac0,
0x000001e7f6f58f00, 0x000001e7f6f59590, 0x000001e7f6f59c20, 0x000001e7f6f5a2b0,
0x000001e7f6f581e0, 0x000001e7f6f5a940, 0x000001e7f6f574c0, 0x000001e7f6f57b50,
0x000001e7f6f58870, 0x000001e7fcff7530, 0x000001e7fcffb040, 0x000001e7fcffa320,
0x000001e7fcff7bc0, 0x000001e7fcffb6d0, 0x000001e7fcff8250, 0x000001e7fcff8f70,
0x000001e7fcffbd60, 0x000001e7fcff88e0, 0x000001e7fcffc3f0, 0x000001e7fcffca80,
0x000001e7fcff9600, 0x000001e7fcffd110, 0x000001e7fcff9c90, 0x000001e7fcffd7a0,
0x000001e7fcffde30, 0x000001e7fcffa9b0, 0x000001e7fcffeb50, 0x000001e7fcffe4c0,
0x000001e7fb59d3c0, 0x000001e7fb599f40, 0x000001e7fcb6d960, 0x000001e7fbd99540
}

Java Threads: ( => current thread )
  0x000001e7ddaceaa0 JavaThread "main"                              [_thread_blocked, id=32140, stack(0x0000002d62c00000,0x0000002d62d00000) (1024K)]
  0x000001e7dda606e0 JavaThread "Reference Handler"          daemon [_thread_blocked, id=12428, stack(0x0000002d63000000,0x0000002d63100000) (1024K)]
  0x000001e7dda66fe0 JavaThread "Finalizer"                  daemon [_thread_blocked, id=5620, stack(0x0000002d63100000,0x0000002d63200000) (1024K)]
  0x000001e7dda68b80 JavaThread "Signal Dispatcher"          daemon [_thread_blocked, id=4692, stack(0x0000002d63200000,0x0000002d63300000) (1024K)]
  0x000001e7dda695e0 JavaThread "Attach Listener"            daemon [_thread_blocked, id=1648, stack(0x0000002d63300000,0x0000002d63400000) (1024K)]
  0x000001e7dda6a040 JavaThread "Service Thread"             daemon [_thread_blocked, id=22196, stack(0x0000002d63400000,0x0000002d63500000) (1024K)]
  0x000001e7dda6aaa0 JavaThread "Monitor Deflation Thread"   daemon [_thread_blocked, id=12172, stack(0x0000002d63500000,0x0000002d63600000) (1024K)]
=>0x000001e7dda6dd90 JavaThread "C2 CompilerThread0"         daemon [_thread_in_native, id=24696, stack(0x0000002d63600000,0x0000002d63700000) (1024K)]
  0x000001e7f57da920 JavaThread "C1 CompilerThread0"         daemon [_thread_in_vm, id=25220, stack(0x0000002d63700000,0x0000002d63800000) (1024K)]
  0x000001e7f59bc820 JavaThread "Common-Cleaner"             daemon [_thread_blocked, id=24540, stack(0x0000002d63800000,0x0000002d63900000) (1024K)]
  0x000001e7f5a89c00 JavaThread "Notification Thread"        daemon [_thread_blocked, id=22632, stack(0x0000002d63900000,0x0000002d63a00000) (1024K)]
  0x000001e7f6e1a780 JavaThread "Active Thread: Equinox Container: 10f13240-aaaf-422a-b7b2-459fcf40d7b5"        [_thread_blocked, id=9396, stack(0x0000002d64000000,0x0000002d64100000) (1024K)]
  0x000001e7f6bd5630 JavaThread "Framework Event Dispatcher: Equinox Container: 10f13240-aaaf-422a-b7b2-459fcf40d7b5" daemon [_thread_blocked, id=17028, stack(0x0000002d64100000,0x0000002d64200000) (1024K)]
  0x000001e7f6aa27c0 JavaThread "Start Level: Equinox Container: 10f13240-aaaf-422a-b7b2-459fcf40d7b5" daemon [_thread_blocked, id=8840, stack(0x0000002d64200000,0x0000002d64300000) (1024K)]
  0x000001e7f6d28660 JavaThread "SCR Component Actor"        daemon [_thread_blocked, id=11300, stack(0x0000002d64400000,0x0000002d64500000) (1024K)]
  0x000001e7f6e6bac0 JavaThread "Worker-JM"                         [_thread_blocked, id=26088, stack(0x0000002d64500000,0x0000002d64600000) (1024K)]
  0x000001e7f6f58f00 JavaThread "JNA Cleaner"                daemon [_thread_blocked, id=17120, stack(0x0000002d64800000,0x0000002d64900000) (1024K)]
  0x000001e7f6f59590 JavaThread "Worker-0"                          [_thread_blocked, id=22052, stack(0x0000002d64900000,0x0000002d64a00000) (1024K)]
  0x000001e7f6f59c20 JavaThread "Worker-1"                          [_thread_blocked, id=29228, stack(0x0000002d64a00000,0x0000002d64b00000) (1024K)]
  0x000001e7f6f5a2b0 JavaThread "Thread-1"                   daemon [_thread_in_native, id=15008, stack(0x0000002d64d00000,0x0000002d64e00000) (1024K)]
  0x000001e7f6f581e0 JavaThread "Thread-2"                   daemon [_thread_in_native, id=18300, stack(0x0000002d64e00000,0x0000002d64f00000) (1024K)]
  0x000001e7f6f5a940 JavaThread "Thread-3"                   daemon [_thread_in_native, id=6996, stack(0x0000002d64f00000,0x0000002d65000000) (1024K)]
  0x000001e7f6f574c0 JavaThread "Thread-4"                   daemon [_thread_in_native, id=33364, stack(0x0000002d65000000,0x0000002d65100000) (1024K)]
  0x000001e7f6f57b50 JavaThread "Thread-5"                   daemon [_thread_in_native, id=31372, stack(0x0000002d65100000,0x0000002d65200000) (1024K)]
  0x000001e7f6f58870 JavaThread "Thread-6"                   daemon [_thread_in_native, id=14224, stack(0x0000002d65200000,0x0000002d65300000) (1024K)]
  0x000001e7fcff7530 JavaThread "Thread-7"                   daemon [_thread_in_native, id=10772, stack(0x0000002d65300000,0x0000002d65400000) (1024K)]
  0x000001e7fcffb040 JavaThread "Thread-8"                   daemon [_thread_in_native, id=16852, stack(0x0000002d65400000,0x0000002d65500000) (1024K)]
  0x000001e7fcffa320 JavaThread "Thread-9"                   daemon [_thread_in_native, id=17304, stack(0x0000002d65500000,0x0000002d65600000) (1024K)]
  0x000001e7fcff7bc0 JavaThread "Thread-10"                  daemon [_thread_in_native, id=20668, stack(0x0000002d65600000,0x0000002d65700000) (1024K)]
  0x000001e7fcffb6d0 JavaThread "Thread-11"                  daemon [_thread_in_native, id=5712, stack(0x0000002d65700000,0x0000002d65800000) (1024K)]
  0x000001e7fcff8250 JavaThread "Thread-12"                  daemon [_thread_in_native, id=1564, stack(0x0000002d65800000,0x0000002d65900000) (1024K)]
  0x000001e7fcff8f70 JavaThread "Thread-13"                  daemon [_thread_in_native, id=28844, stack(0x0000002d65900000,0x0000002d65a00000) (1024K)]
  0x000001e7fcffbd60 JavaThread "pool-2-thread-1"                   [_thread_blocked, id=8124, stack(0x0000002d65a00000,0x0000002d65b00000) (1024K)]
  0x000001e7fcff88e0 JavaThread "WorkspaceEventsHandler"            [_thread_blocked, id=18776, stack(0x0000002d65b00000,0x0000002d65c00000) (1024K)]
  0x000001e7fcffc3f0 JavaThread "pool-1-thread-1"                   [_thread_blocked, id=25936, stack(0x0000002d65c00000,0x0000002d65d00000) (1024K)]
  0x000001e7fcffca80 JavaThread "ForkJoinPool.commonPool-worker-1" daemon [_thread_blocked, id=13428, stack(0x0000002d65d00000,0x0000002d65e00000) (1024K)]
  0x000001e7fcff9600 JavaThread "ForkJoinPool.commonPool-worker-2" daemon [_thread_blocked, id=21984, stack(0x0000002d65e00000,0x0000002d65f00000) (1024K)]
  0x000001e7fcffd110 JavaThread "ForkJoinPool.commonPool-worker-3" daemon [_thread_blocked, id=20460, stack(0x0000002d65f00000,0x0000002d66000000) (1024K)]
  0x000001e7fcff9c90 JavaThread "ForkJoinPool.commonPool-worker-4" daemon [_thread_blocked, id=12396, stack(0x0000002d66000000,0x0000002d66100000) (1024K)]
  0x000001e7fcffd7a0 JavaThread "ForkJoinPool.commonPool-worker-5" daemon [_thread_blocked, id=6512, stack(0x0000002d66100000,0x0000002d66200000) (1024K)]
  0x000001e7fcffde30 JavaThread "ForkJoinPool.commonPool-worker-6" daemon [_thread_blocked, id=30536, stack(0x0000002d66200000,0x0000002d66300000) (1024K)]
  0x000001e7fcffa9b0 JavaThread "ForkJoinPool.commonPool-worker-7" daemon [_thread_blocked, id=1916, stack(0x0000002d66300000,0x0000002d66400000) (1024K)]
  0x000001e7fcffeb50 JavaThread "ForkJoinPool.commonPool-worker-8" daemon [_thread_blocked, id=26736, stack(0x0000002d66400000,0x0000002d66500000) (1024K)]
  0x000001e7fcffe4c0 JavaThread "ForkJoinPool.commonPool-worker-9" daemon [_thread_in_Java, id=19684, stack(0x0000002d66500000,0x0000002d66600000) (1024K)]
  0x000001e7fb59d3c0 JavaThread "ForkJoinPool.commonPool-worker-10" daemon [_thread_blocked, id=25044, stack(0x0000002d66600000,0x0000002d66700000) (1024K)]
  0x000001e7fb599f40 JavaThread "ForkJoinPool.commonPool-worker-11" daemon [_thread_blocked, id=15756, stack(0x0000002d66700000,0x0000002d66800000) (1024K)]
  0x000001e7fcb6d960 JavaThread "C2 CompilerThread1"         daemon [_thread_in_native, id=20160, stack(0x0000002d66800000,0x0000002d66900000) (1024K)]
  0x000001e7fbd99540 JavaThread "C2 CompilerThread2"         daemon [_thread_in_native, id=33340, stack(0x0000002d66900000,0x0000002d66a00000) (1024K)]
Total: 48

Other Threads:
  0x000001e7dda540c0 VMThread "VM Thread"                           [id=33432, stack(0x0000002d62f00000,0x0000002d63000000) (1024K)]
  0x000001e7dd94ca00 WatcherThread "VM Periodic Task Thread"        [id=12052, stack(0x0000002d62e00000,0x0000002d62f00000) (1024K)]
  0x000001e7ddae0e20 WorkerThread "GC Thread#0"                     [id=16888, stack(0x0000002d62d00000,0x0000002d62e00000) (1024K)]
  0x000001e7f6833590 WorkerThread "GC Thread#1"                     [id=30056, stack(0x0000002d63a00000,0x0000002d63b00000) (1024K)]
  0x000001e7f6834450 WorkerThread "GC Thread#2"                     [id=31684, stack(0x0000002d63b00000,0x0000002d63c00000) (1024K)]
  0x000001e7f6832a80 WorkerThread "GC Thread#3"                     [id=32172, stack(0x0000002d63c00000,0x0000002d63d00000) (1024K)]
  0x000001e7f6833940 WorkerThread "GC Thread#4"                     [id=26972, stack(0x0000002d63d00000,0x0000002d63e00000) (1024K)]
  0x000001e7f68340a0 WorkerThread "GC Thread#5"                     [id=24780, stack(0x0000002d63e00000,0x0000002d63f00000) (1024K)]
  0x000001e7f6832e30 WorkerThread "GC Thread#6"                     [id=24340, stack(0x0000002d63f00000,0x0000002d64000000) (1024K)]
  0x000001e7f6833cf0 WorkerThread "GC Thread#7"                     [id=18664, stack(0x0000002d64300000,0x0000002d64400000) (1024K)]
  0x000001e7fb1cad50 WorkerThread "GC Thread#8"                     [id=13120, stack(0x0000002d64600000,0x0000002d64700000) (1024K)]
  0x000001e7fb1c9ae0 WorkerThread "GC Thread#9"                     [id=27556, stack(0x0000002d64700000,0x0000002d64800000) (1024K)]
Total: 12

Threads with active compile tasks:
C2 CompilerThread0  17850 3646       4       java.lang.invoke.MethodType::methodType (69 bytes)
C2 CompilerThread1  17850 4006  s    4       jdk.internal.jimage.ImageReader$SharedImageReader::findNode (36 bytes)
C2 CompilerThread2  17850 3965       4       java.lang.invoke.MethodType::makeImpl (109 bytes)
Total: 3

VM state: not at safepoint (normal execution)

VM Mutex/Monitor currently owned by a thread: None

Heap address: 0x0000000080000000, size: 2048 MB, Compressed Oops mode: 32-bit

CDS archive(s) mapped at: [0x000001e780000000-0x000001e780ba0000-0x000001e780ba0000), size 12189696, SharedBaseAddress: 0x000001e780000000, ArchiveRelocationMode: 1.
Compressed class space mapped at: 0x000001e781000000-0x000001e7c1000000, reserved size: 1073741824
Narrow klass base: 0x000001e780000000, Narrow klass shift: 0, Narrow klass range: 0x100000000

GC Precious Log:
 CardTable entry size: 512
 CPUs: 12 total, 12 available
 Memory: 6005M
 Large Page Support: Disabled
 NUMA Support: Disabled
 Compressed Oops: Enabled (32-bit)
 Alignments: Space 512K, Generation 512K, Heap 2M
 Heap Min Capacity: 100M
 Heap Initial Capacity: 100M
 Heap Max Capacity: 2G
 Pre-touch: Disabled
 Parallel Workers: 10

Heap:
 PSYoungGen      total 25088K, used 23856K [0x00000000d5580000, 0x00000000d7400000, 0x0000000100000000)
  eden space 22016K, 96% used [0x00000000d5580000,0x00000000d6a2e980,0x00000000d6b00000)
  from space 3072K, 87% used [0x00000000d7100000,0x00000000d739da40,0x00000000d7400000)
  to   space 3584K, 0% used [0x00000000d6d00000,0x00000000d6d00000,0x00000000d7080000)
 ParOldGen       total 68608K, used 13263K [0x0000000080000000, 0x0000000084300000, 0x00000000d5580000)
  object space 68608K, 19% used [0x0000000080000000,0x0000000080cf3fd8,0x0000000084300000)
 Metaspace       used 32789K, committed 33920K, reserved 1114112K
  class space    used 3381K, committed 3840K, reserved 1048576K

Card table byte_map: [0x000001e7dd460000,0x000001e7dd870000] _byte_map_base: 0x000001e7dd060000

Marking Bits: (ParMarkBitMap*) 0x00007fffd8fd4460
 Begin Bits: [0x000001e7eff70000, 0x000001e7f1f70000)
 End Bits:   [0x000001e7f1f70000, 0x000001e7f3f70000)

Polling page: 0x000001e7db6f0000

Metaspace:

Usage:
  Non-class:     28.72 MB used.
      Class:      3.30 MB used.
       Both:     32.02 MB used.

Virtual space:
  Non-class space:       64.00 MB reserved,      29.38 MB ( 46%) committed,  1 nodes.
      Class space:        1.00 GB reserved,       3.75 MB ( <1%) committed,  1 nodes.
             Both:        1.06 GB reserved,      33.12 MB (  3%) committed. 

Chunk freelists:
   Non-Class:  2.11 MB
       Class:  12.20 MB
        Both:  14.31 MB

MaxMetaspaceSize: unlimited
CompressedClassSpaceSize: 1.00 GB
Initial GC threshold: 21.00 MB
Current GC threshold: 35.00 MB
CDS: on
 - commit_granule_bytes: 65536.
 - commit_granule_words: 8192.
 - virtual_space_node_default_size: 8388608.
 - enlarge_chunks_in_place: 1.
 - use_allocation_guard: 0.


Internal statistics:

num_allocs_failed_limit: 3.
num_arena_births: 984.
num_arena_deaths: 14.
num_vsnodes_births: 2.
num_vsnodes_deaths: 0.
num_space_committed: 530.
num_space_uncommitted: 0.
num_chunks_returned_to_freelist: 17.
num_chunks_taken_from_freelist: 2434.
num_chunk_merges: 9.
num_chunk_splits: 1502.
num_chunks_enlarged: 810.
num_inconsistent_stats: 0.

CodeHeap 'non-profiled nmethods': size=120000Kb used=1643Kb max_used=1643Kb free=118356Kb
 bounds [0x000001e7e8790000, 0x000001e7e8a00000, 0x000001e7efcc0000]
CodeHeap 'profiled nmethods': size=120000Kb used=7618Kb max_used=7618Kb free=112381Kb
 bounds [0x000001e7e0cc0000, 0x000001e7e1440000, 0x000001e7e81f0000]
CodeHeap 'non-nmethods': size=5760Kb used=1365Kb max_used=1387Kb free=4394Kb
 bounds [0x000001e7e81f0000, 0x000001e7e8460000, 0x000001e7e8790000]
CodeCache: size=245760Kb, used=10626Kb, max_used=10648Kb, free=235131Kb
 total_blobs=4668, nmethods=4005, adapters=569, full_count=0
Compilation: enabled, stopped_count=0, restarted_count=0

Compilation events (20 events):
Event: 15.763 Thread 0x000001e7f57da920 nmethod 3958 0x000001e7e1402610 code [0x000001e7e14028c0, 0x000001e7e1403308]
Event: 15.763 Thread 0x000001e7fbd99540 nmethod 3934 0x000001e7e891fe90 code [0x000001e7e89200c0, 0x000001e7e8920518]
Event: 15.763 Thread 0x000001e7f57da920 3956       3       java.lang.invoke.InvokerBytecodeGenerator::addMethod (725 bytes)
Event: 15.763 Thread 0x000001e7fbd99540 3963       4       jdk.internal.org.objectweb.asm.Frame::execute (2305 bytes)
Event: 15.767 Thread 0x000001e7f57da920 nmethod 3956 0x000001e7e1403590 code [0x000001e7e1403b00, 0x000001e7e1405f18]
Event: 15.767 Thread 0x000001e7f57da920 3966       3       jdk.internal.org.objectweb.asm.AnnotationWriter::computeAnnotationsSize (42 bytes)
Event: 15.767 Thread 0x000001e7f57da920 nmethod 3966 0x000001e7e1406b90 code [0x000001e7e1406d40, 0x000001e7e1406f78]
Event: 15.767 Thread 0x000001e7f57da920 3955       3       java.lang.invoke.InvokerBytecodeGenerator::bogusMethod (77 bytes)
Event: 15.768 Thread 0x000001e7f57da920 nmethod 3955 0x000001e7e1407110 code [0x000001e7e1407340, 0x000001e7e1407a98]
Event: 15.768 Thread 0x000001e7f57da920 3954   !   3       java.lang.invoke.InvokerBytecodeGenerator::toByteArray (18 bytes)
Event: 15.768 Thread 0x000001e7f57da920 nmethod 3954 0x000001e7e1407d10 code [0x000001e7e1407ee0, 0x000001e7e1408148]
Event: 15.768 Thread 0x000001e7f57da920 3952       3       java.lang.invoke.InvokerBytecodeGenerator::emitReturn (107 bytes)
Event: 15.769 Thread 0x000001e7f57da920 nmethod 3952 0x000001e7e1408290 code [0x000001e7e14084a0, 0x000001e7e1408968]
Event: 15.769 Thread 0x000001e7f57da920 3957       3       java.lang.invoke.InvokerBytecodeGenerator::classDataValues (260 bytes)
Event: 15.771 Thread 0x000001e7f57da920 nmethod 3957 0x000001e7e1408b90 code [0x000001e7e1409020, 0x000001e7e140bd30]
Event: 15.771 Thread 0x000001e7f57da920 3962       1       java.lang.invoke.LambdaForm::arity (5 bytes)
Event: 15.771 Thread 0x000001e7f57da920 nmethod 3962 0x000001e7e8920990 code [0x000001e7e8920b20, 0x000001e7e8920be8]
Event: 15.781 Thread 0x000001e7f57da920 3968       1       org.eclipse.jdt.internal.compiler.parser.TerminalToken::tokenNumber (5 bytes)
Event: 15.782 Thread 0x000001e7f57da920 nmethod 3968 0x000001e7e8920c90 code [0x000001e7e8920e20, 0x000001e7e8920ee8]
Event: 16.786 Thread 0x000001e7f57da920 3969       3       jdk.internal.jimage.ImageReader$SharedImageReader::makeDirectory (25 bytes)

GC Heap History (20 events):
Event: 4.237 GC heap before
{Heap before GC invocations=2 (full 0):
 PSYoungGen      total 29696K, used 28919K [0x00000000d5580000, 0x00000000d7680000, 0x0000000100000000)
  eden space 25600K, 100% used [0x00000000d5580000,0x00000000d6e80000,0x00000000d6e80000)
  from space 4096K, 81% used [0x00000000d6e80000,0x00000000d71bde88,0x00000000d7280000)
  to   space 4096K, 0% used [0x00000000d7280000,0x00000000d7280000,0x00000000d7680000)
 ParOldGen       total 68608K, used 16K [0x0000000080000000, 0x0000000084300000, 0x00000000d5580000)
  object space 68608K, 0% used [0x0000000080000000,0x0000000080004000,0x0000000084300000)
 Metaspace       used 8150K, committed 8448K, reserved 1114112K
  class space    used 862K, committed 960K, reserved 1048576K
}
Event: 4.248 GC heap after
{Heap after GC invocations=2 (full 0):
 PSYoungGen      total 29696K, used 4087K [0x00000000d5580000, 0x00000000d7680000, 0x0000000100000000)
  eden space 25600K, 0% used [0x00000000d5580000,0x00000000d5580000,0x00000000d6e80000)
  from space 4096K, 99% used [0x00000000d7280000,0x00000000d767de88,0x00000000d7680000)
  to   space 4096K, 0% used [0x00000000d6e80000,0x00000000d6e80000,0x00000000d7280000)
 ParOldGen       total 68608K, used 1043K [0x0000000080000000, 0x0000000084300000, 0x00000000d5580000)
  object space 68608K, 1% used [0x0000000080000000,0x0000000080104cc0,0x0000000084300000)
 Metaspace       used 8150K, committed 8448K, reserved 1114112K
  class space    used 862K, committed 960K, reserved 1048576K
}
Event: 5.469 GC heap before
{Heap before GC invocations=3 (full 0):
 PSYoungGen      total 29696K, used 29687K [0x00000000d5580000, 0x00000000d7680000, 0x0000000100000000)
  eden space 25600K, 100% used [0x00000000d5580000,0x00000000d6e80000,0x00000000d6e80000)
  from space 4096K, 99% used [0x00000000d7280000,0x00000000d767de88,0x00000000d7680000)
  to   space 4096K, 0% used [0x00000000d6e80000,0x00000000d6e80000,0x00000000d7280000)
 ParOldGen       total 68608K, used 1043K [0x0000000080000000, 0x0000000084300000, 0x00000000d5580000)
  object space 68608K, 1% used [0x0000000080000000,0x0000000080104cc0,0x0000000084300000)
 Metaspace       used 12975K, committed 13504K, reserved 1114112K
  class space    used 1372K, committed 1664K, reserved 1048576K
}
Event: 5.481 GC heap after
{Heap after GC invocations=3 (full 0):
 PSYoungGen      total 29696K, used 4095K [0x00000000d5580000, 0x00000000d7680000, 0x0000000100000000)
  eden space 25600K, 0% used [0x00000000d5580000,0x00000000d5580000,0x00000000d6e80000)
  from space 4096K, 99% used [0x00000000d6e80000,0x00000000d727fc60,0x00000000d7280000)
  to   space 4096K, 0% used [0x00000000d7280000,0x00000000d7280000,0x00000000d7680000)
 ParOldGen       total 68608K, used 2808K [0x0000000080000000, 0x0000000084300000, 0x00000000d5580000)
  object space 68608K, 4% used [0x0000000080000000,0x00000000802be3c8,0x0000000084300000)
 Metaspace       used 12975K, committed 13504K, reserved 1114112K
  class space    used 1372K, committed 1664K, reserved 1048576K
}
Event: 6.942 GC heap before
{Heap before GC invocations=4 (full 0):
 PSYoungGen      total 29696K, used 29653K [0x00000000d5580000, 0x00000000d7680000, 0x0000000100000000)
  eden space 25600K, 99% used [0x00000000d5580000,0x00000000d6e75890,0x00000000d6e80000)
  from space 4096K, 99% used [0x00000000d6e80000,0x00000000d727fc60,0x00000000d7280000)
  to   space 4096K, 0% used [0x00000000d7280000,0x00000000d7280000,0x00000000d7680000)
 ParOldGen       total 68608K, used 2808K [0x0000000080000000, 0x0000000084300000, 0x00000000d5580000)
  object space 68608K, 4% used [0x0000000080000000,0x00000000802be3c8,0x0000000084300000)
 Metaspace       used 17272K, committed 17920K, reserved 1114112K
  class space    used 1820K, committed 2112K, reserved 1048576K
}
Event: 6.949 GC heap after
{Heap after GC invocations=4 (full 0):
 PSYoungGen      total 29696K, used 4080K [0x00000000d5580000, 0x00000000d7680000, 0x0000000100000000)
  eden space 25600K, 0% used [0x00000000d5580000,0x00000000d5580000,0x00000000d6e80000)
  from space 4096K, 99% used [0x00000000d7280000,0x00000000d767c070,0x00000000d7680000)
  to   space 4096K, 0% used [0x00000000d6e80000,0x00000000d6e80000,0x00000000d7280000)
 ParOldGen       total 68608K, used 4573K [0x0000000080000000, 0x0000000084300000, 0x00000000d5580000)
  object space 68608K, 6% used [0x0000000080000000,0x0000000080477718,0x0000000084300000)
 Metaspace       used 17272K, committed 17920K, reserved 1114112K
  class space    used 1820K, committed 2112K, reserved 1048576K
}
Event: 7.485 GC heap before
{Heap before GC invocations=5 (full 0):
 PSYoungGen      total 29696K, used 29680K [0x00000000d5580000, 0x00000000d7680000, 0x0000000100000000)
  eden space 25600K, 100% used [0x00000000d5580000,0x00000000d6e80000,0x00000000d6e80000)
  from space 4096K, 99% used [0x00000000d7280000,0x00000000d767c070,0x00000000d7680000)
  to   space 4096K, 0% used [0x00000000d6e80000,0x00000000d6e80000,0x00000000d7280000)
 ParOldGen       total 68608K, used 4573K [0x0000000080000000, 0x0000000084300000, 0x00000000d5580000)
  object space 68608K, 6% used [0x0000000080000000,0x0000000080477718,0x0000000084300000)
 Metaspace       used 20514K, committed 21184K, reserved 1114112K
  class space    used 2038K, committed 2368K, reserved 1048576K
}
Event: 7.492 GC heap after
{Heap after GC invocations=5 (full 0):
 PSYoungGen      total 29184K, used 4082K [0x00000000d5580000, 0x00000000d7800000, 0x0000000100000000)
  eden space 25088K, 0% used [0x00000000d5580000,0x00000000d5580000,0x00000000d6e00000)
  from space 4096K, 99% used [0x00000000d6e80000,0x00000000d727c8a0,0x00000000d7280000)
  to   space 5120K, 0% used [0x00000000d7300000,0x00000000d7300000,0x00000000d7800000)
 ParOldGen       total 68608K, used 5156K [0x0000000080000000, 0x0000000084300000, 0x00000000d5580000)
  object space 68608K, 7% used [0x0000000080000000,0x0000000080509248,0x0000000084300000)
 Metaspace       used 20514K, committed 21184K, reserved 1114112K
  class space    used 2038K, committed 2368K, reserved 1048576K
}
Event: 7.564 GC heap before
{Heap before GC invocations=6 (full 0):
 PSYoungGen      total 29184K, used 9832K [0x00000000d5580000, 0x00000000d7800000, 0x0000000100000000)
  eden space 25088K, 22% used [0x00000000d5580000,0x00000000d5b1d910,0x00000000d6e00000)
  from space 4096K, 99% used [0x00000000d6e80000,0x00000000d727c8a0,0x00000000d7280000)
  to   space 5120K, 0% used [0x00000000d7300000,0x00000000d7300000,0x00000000d7800000)
 ParOldGen       total 68608K, used 5156K [0x0000000080000000, 0x0000000084300000, 0x00000000d5580000)
  object space 68608K, 7% used [0x0000000080000000,0x0000000080509248,0x0000000084300000)
 Metaspace       used 20903K, committed 21504K, reserved 1114112K
  class space    used 2075K, committed 2368K, reserved 1048576K
}
Event: 7.572 GC heap after
{Heap after GC invocations=6 (full 0):
 PSYoungGen      total 30208K, used 4841K [0x00000000d5580000, 0x00000000d7800000, 0x0000000100000000)
  eden space 25088K, 0% used [0x00000000d5580000,0x00000000d5580000,0x00000000d6e00000)
  from space 5120K, 94% used [0x00000000d7300000,0x00000000d77ba6d8,0x00000000d7800000)
  to   space 5120K, 0% used [0x00000000d6e00000,0x00000000d6e00000,0x00000000d7300000)
 ParOldGen       total 68608K, used 5164K [0x0000000080000000, 0x0000000084300000, 0x00000000d5580000)
  object space 68608K, 7% used [0x0000000080000000,0x000000008050b248,0x0000000084300000)
 Metaspace       used 20903K, committed 21504K, reserved 1114112K
  class space    used 2075K, committed 2368K, reserved 1048576K
}
Event: 7.572 GC heap before
{Heap before GC invocations=7 (full 1):
 PSYoungGen      total 30208K, used 4841K [0x00000000d5580000, 0x00000000d7800000, 0x0000000100000000)
  eden space 25088K, 0% used [0x00000000d5580000,0x00000000d5580000,0x00000000d6e00000)
  from space 5120K, 94% used [0x00000000d7300000,0x00000000d77ba6d8,0x00000000d7800000)
  to   space 5120K, 0% used [0x00000000d6e00000,0x00000000d6e00000,0x00000000d7300000)
 ParOldGen       total 68608K, used 5164K [0x0000000080000000, 0x0000000084300000, 0x00000000d5580000)
  object space 68608K, 7% used [0x0000000080000000,0x000000008050b248,0x0000000084300000)
 Metaspace       used 20903K, committed 21504K, reserved 1114112K
  class space    used 2075K, committed 2368K, reserved 1048576K
}
Event: 7.622 GC heap after
{Heap after GC invocations=7 (full 1):
 PSYoungGen      total 30208K, used 0K [0x00000000d5580000, 0x00000000d7800000, 0x0000000100000000)
  eden space 25088K, 0% used [0x00000000d5580000,0x00000000d5580000,0x00000000d6e00000)
  from space 5120K, 0% used [0x00000000d7300000,0x00000000d7300000,0x00000000d7800000)
  to   space 5120K, 0% used [0x00000000d6e00000,0x00000000d6e00000,0x00000000d7300000)
 ParOldGen       total 68608K, used 8850K [0x0000000080000000, 0x0000000084300000, 0x00000000d5580000)
  object space 68608K, 12% used [0x0000000080000000,0x00000000808a4a40,0x0000000084300000)
 Metaspace       used 20891K, committed 21504K, reserved 1114112K
  class space    used 2072K, committed 2368K, reserved 1048576K
}
Event: 8.157 GC heap before
{Heap before GC invocations=8 (full 1):
 PSYoungGen      total 30208K, used 25088K [0x00000000d5580000, 0x00000000d7800000, 0x0000000100000000)
  eden space 25088K, 100% used [0x00000000d5580000,0x00000000d6e00000,0x00000000d6e00000)
  from space 5120K, 0% used [0x00000000d7300000,0x00000000d7300000,0x00000000d7800000)
  to   space 5120K, 0% used [0x00000000d6e00000,0x00000000d6e00000,0x00000000d7300000)
 ParOldGen       total 68608K, used 8850K [0x0000000080000000, 0x0000000084300000, 0x00000000d5580000)
  object space 68608K, 12% used [0x0000000080000000,0x00000000808a4a40,0x0000000084300000)
 Metaspace       used 23163K, committed 23872K, reserved 1114112K
  class space    used 2252K, committed 2560K, reserved 1048576K
}
Event: 8.162 GC heap after
{Heap after GC invocations=8 (full 1):
 PSYoungGen      total 27648K, used 2602K [0x00000000d5580000, 0x00000000d7480000, 0x0000000100000000)
  eden space 24576K, 0% used [0x00000000d5580000,0x00000000d5580000,0x00000000d6d80000)
  from space 3072K, 84% used [0x00000000d6e00000,0x00000000d708abc8,0x00000000d7100000)
  to   space 3584K, 0% used [0x00000000d7100000,0x00000000d7100000,0x00000000d7480000)
 ParOldGen       total 68608K, used 8858K [0x0000000080000000, 0x0000000084300000, 0x00000000d5580000)
  object space 68608K, 12% used [0x0000000080000000,0x00000000808a6a40,0x0000000084300000)
 Metaspace       used 23163K, committed 23872K, reserved 1114112K
  class space    used 2252K, committed 2560K, reserved 1048576K
}
Event: 9.155 GC heap before
{Heap before GC invocations=9 (full 1):
 PSYoungGen      total 27648K, used 27178K [0x00000000d5580000, 0x00000000d7480000, 0x0000000100000000)
  eden space 24576K, 100% used [0x00000000d5580000,0x00000000d6d80000,0x00000000d6d80000)
  from space 3072K, 84% used [0x00000000d6e00000,0x00000000d708abc8,0x00000000d7100000)
  to   space 3584K, 0% used [0x00000000d7100000,0x00000000d7100000,0x00000000d7480000)
 ParOldGen       total 68608K, used 8858K [0x0000000080000000, 0x0000000084300000, 0x00000000d5580000)
  object space 68608K, 12% used [0x0000000080000000,0x00000000808a6a40,0x0000000084300000)
 Metaspace       used 26724K, committed 27584K, reserved 1114112K
  class space    used 2644K, committed 3008K, reserved 1048576K
}
Event: 9.160 GC heap after
{Heap after GC invocations=9 (full 1):
 PSYoungGen      total 26624K, used 3574K [0x00000000d5580000, 0x00000000d7700000, 0x0000000100000000)
  eden space 23040K, 0% used [0x00000000d5580000,0x00000000d5580000,0x00000000d6c00000)
  from space 3584K, 99% used [0x00000000d7100000,0x00000000d747db20,0x00000000d7480000)
  to   space 5120K, 0% used [0x00000000d6c00000,0x00000000d6c00000,0x00000000d7100000)
 ParOldGen       total 68608K, used 9751K [0x0000000080000000, 0x0000000084300000, 0x00000000d5580000)
  object space 68608K, 14% used [0x0000000080000000,0x0000000080985f50,0x0000000084300000)
 Metaspace       used 26724K, committed 27584K, reserved 1114112K
  class space    used 2644K, committed 3008K, reserved 1048576K
}
Event: 9.961 GC heap before
{Heap before GC invocations=10 (full 1):
 PSYoungGen      total 26624K, used 26614K [0x00000000d5580000, 0x00000000d7700000, 0x0000000100000000)
  eden space 23040K, 100% used [0x00000000d5580000,0x00000000d6c00000,0x00000000d6c00000)
  from space 3584K, 99% used [0x00000000d7100000,0x00000000d747db20,0x00000000d7480000)
  to   space 5120K, 0% used [0x00000000d6c00000,0x00000000d6c00000,0x00000000d7100000)
 ParOldGen       total 68608K, used 9751K [0x0000000080000000, 0x0000000084300000, 0x00000000d5580000)
  object space 68608K, 14% used [0x0000000080000000,0x0000000080985f50,0x0000000084300000)
 Metaspace       used 29834K, committed 30720K, reserved 1114112K
  class space    used 3008K, committed 3392K, reserved 1048576K
}
Event: 9.967 GC heap after
{Heap after GC invocations=10 (full 1):
 PSYoungGen      total 27648K, used 4975K [0x00000000d5580000, 0x00000000d7680000, 0x0000000100000000)
  eden space 22528K, 0% used [0x00000000d5580000,0x00000000d5580000,0x00000000d6b80000)
  from space 5120K, 97% used [0x00000000d6c00000,0x00000000d70dbd70,0x00000000d7100000)
  to   space 5632K, 0% used [0x00000000d7100000,0x00000000d7100000,0x00000000d7680000)
 ParOldGen       total 68608K, used 9759K [0x0000000080000000, 0x0000000084300000, 0x00000000d5580000)
  object space 68608K, 14% used [0x0000000080000000,0x0000000080987f50,0x0000000084300000)
 Metaspace       used 29834K, committed 30720K, reserved 1114112K
  class space    used 3008K, committed 3392K, reserved 1048576K
}
Event: 15.728 GC heap before
{Heap before GC invocations=11 (full 1):
 PSYoungGen      total 27648K, used 27503K [0x00000000d5580000, 0x00000000d7680000, 0x0000000100000000)
  eden space 22528K, 100% used [0x00000000d5580000,0x00000000d6b80000,0x00000000d6b80000)
  from space 5120K, 97% used [0x00000000d6c00000,0x00000000d70dbd70,0x00000000d7100000)
  to   space 5632K, 0% used [0x00000000d7100000,0x00000000d7100000,0x00000000d7680000)
 ParOldGen       total 68608K, used 9759K [0x0000000080000000, 0x0000000084300000, 0x00000000d5580000)
  object space 68608K, 14% used [0x0000000080000000,0x0000000080987f50,0x0000000084300000)
 Metaspace       used 32342K, committed 33280K, reserved 1114112K
  class space    used 3285K, committed 3712K, reserved 1048576K
}
Event: 15.737 GC heap after
{Heap after GC invocations=11 (full 1):
 PSYoungGen      total 25088K, used 2678K [0x00000000d5580000, 0x00000000d7400000, 0x0000000100000000)
  eden space 22016K, 0% used [0x00000000d5580000,0x00000000d5580000,0x00000000d6b00000)
  from space 3072K, 87% used [0x00000000d7100000,0x00000000d739da40,0x00000000d7400000)
  to   space 3584K, 0% used [0x00000000d6d00000,0x00000000d6d00000,0x00000000d7080000)
 ParOldGen       total 68608K, used 13263K [0x0000000080000000, 0x0000000084300000, 0x00000000d5580000)
  object space 68608K, 19% used [0x0000000080000000,0x0000000080cf3fd8,0x0000000084300000)
 Metaspace       used 32342K, committed 33280K, reserved 1114112K
  class space    used 3285K, committed 3712K, reserved 1048576K
}

Dll operation events (10 events):
Event: 0.034 Loaded shared library c:\Users\LENOVO\.vscode\extensions\redhat.java-1.55.0-win32-x64\jre\21.0.11-win32-x86_64\bin\java.dll
Event: 0.467 Loaded shared library c:\Users\LENOVO\.vscode\extensions\redhat.java-1.55.0-win32-x64\jre\21.0.11-win32-x86_64\bin\zip.dll
Event: 0.527 Loaded shared library C:\Users\LENOVO\.vscode\extensions\redhat.java-1.55.0-win32-x64\jre\21.0.11-win32-x86_64\bin\instrument.dll
Event: 0.541 Loaded shared library C:\Users\LENOVO\.vscode\extensions\redhat.java-1.55.0-win32-x64\jre\21.0.11-win32-x86_64\bin\net.dll
Event: 0.553 Loaded shared library C:\Users\LENOVO\.vscode\extensions\redhat.java-1.55.0-win32-x64\jre\21.0.11-win32-x86_64\bin\nio.dll
Event: 0.566 Loaded shared library C:\Users\LENOVO\.vscode\extensions\redhat.java-1.55.0-win32-x64\jre\21.0.11-win32-x86_64\bin\zip.dll
Event: 0.659 Loaded shared library C:\Users\LENOVO\.vscode\extensions\redhat.java-1.55.0-win32-x64\jre\21.0.11-win32-x86_64\bin\jimage.dll
Event: 0.967 Loaded shared library c:\Users\LENOVO\.vscode\extensions\redhat.java-1.55.0-win32-x64\jre\21.0.11-win32-x86_64\bin\verify.dll
Event: 4.177 Loaded shared library C:\Users\LENOVO\AppData\Roaming\Code\User\globalStorage\redhat.java\1.55.0\config_ss_win\org.eclipse.equinox.launcher\org.eclipse.equinox.launcher.win32.win32.x86_64_1.3.100.v20260613-0559\eclipse_11924.dll
Event: 6.238 Loaded shared library C:\Users\LENOVO\AppData\Local\Temp\jna--2053026509\jna8687436608526679577.dll

Deoptimization events (20 events):
Event: 11.445 Thread 0x000001e7fcffc3f0 DEOPT PACKING pc=0x000001e7e1020b9f sp=0x0000002d65cfd830
Event: 11.445 Thread 0x000001e7fcffc3f0 DEOPT UNPACKING pc=0x000001e7e8244242 sp=0x0000002d65cfcd08 mode 0
Event: 15.750 Thread 0x000001e7fcff9600 Uncommon trap: trap_request=0xffffff45 fr.pc=0x000001e7e890d658 relative=0x0000000000000098
Event: 15.750 Thread 0x000001e7fcff9600 Uncommon trap: reason=unstable_if action=reinterpret pc=0x000001e7e890d658 method=java.lang.invoke.LambdaForm$BasicType.basicType(C)Ljava/lang/invoke/LambdaForm$BasicType; @ 1 c2
Event: 15.750 Thread 0x000001e7fcff9600 DEOPT PACKING pc=0x000001e7e890d658 sp=0x0000002d65efbb60
Event: 15.750 Thread 0x000001e7fcff9600 DEOPT UNPACKING pc=0x000001e7e8243aa2 sp=0x0000002d65efba90 mode 2
Event: 15.750 Thread 0x000001e7fcff9600 Uncommon trap: trap_request=0xffffff45 fr.pc=0x000001e7e88ea8fc relative=0x00000000000000dc
Event: 15.750 Thread 0x000001e7fcff9600 Uncommon trap: reason=unstable_if action=reinterpret pc=0x000001e7e88ea8fc method=java.lang.invoke.LambdaForm$BasicType.basicType(C)Ljava/lang/invoke/LambdaForm$BasicType; @ 1 c2
Event: 15.750 Thread 0x000001e7fcff9600 DEOPT PACKING pc=0x000001e7e88ea8fc sp=0x0000002d65efbaf0
Event: 15.750 Thread 0x000001e7fcff9600 DEOPT UNPACKING pc=0x000001e7e8243aa2 sp=0x0000002d65efba90 mode 2
Event: 15.765 Thread 0x000001e7fcffe4c0 Uncommon trap: trap_request=0xffffff45 fr.pc=0x000001e7e89197e0 relative=0x00000000000001a0
Event: 15.765 Thread 0x000001e7fcffe4c0 Uncommon trap: reason=unstable_if action=reinterpret pc=0x000001e7e89197e0 method=jdk.internal.jrtfs.JrtPath.normalize(Ljava/lang/String;)Ljava/lang/String; @ 78 c2
Event: 15.765 Thread 0x000001e7fcffe4c0 DEOPT PACKING pc=0x000001e7e89197e0 sp=0x0000002d665fd9c0
Event: 15.765 Thread 0x000001e7fcffe4c0 DEOPT UNPACKING pc=0x000001e7e8243aa2 sp=0x0000002d665fd940 mode 2
Event: 15.786 Thread 0x000001e7fcffe4c0 Uncommon trap: trap_request=0xffffffc6 fr.pc=0x000001e7e891cbe0 relative=0x0000000000000440
Event: 15.786 Thread 0x000001e7fcffe4c0 Uncommon trap: reason=bimorphic_or_optimized_type_check action=maybe_recompile pc=0x000001e7e891cbe0 method=jdk.internal.jimage.ImageReader$SharedImageReader.findNode(Ljava/lang/String;)Ljdk/internal/jimage/ImageReader$Node; @ 22 c2
Event: 15.786 Thread 0x000001e7fcffe4c0 DEOPT PACKING pc=0x000001e7e891cbe0 sp=0x0000002d665fd6f0
Event: 15.786 Thread 0x000001e7fcffe4c0 DEOPT UNPACKING pc=0x000001e7e8243aa2 sp=0x0000002d665fd6b8 mode 2
Event: 15.789 Thread 0x000001e7fcffe4c0 Uncommon trap: trap_request=0xffffffc6 fr.pc=0x000001e7e891cbe0 relative=0x0000000000000440
Event: 16.786 Thread 0x000001e7fcffe4c0 Uncommon trap: reason=bimorphic_or_optimized_type_check action=maybe_recompile pc=0x000001e7e891cbe0 method=jdk.internal.jimage.ImageReader$SharedImageReader.findNode(Ljava/lang/String;)Ljdk/internal/jimage/ImageReader$Node; @ 22 c2

Classes loaded (20 events):
Event: 13.646 Loading class java/nio/file/FileTreeWalker$Event
Event: 13.646 Loading class java/nio/file/FileTreeWalker$Event done
Event: 13.646 Loading class java/nio/file/FileTreeWalker$EventType
Event: 13.646 Loading class java/nio/file/FileTreeWalker$EventType done
Event: 13.647 Loading class java/nio/file/Files$3
Event: 13.647 Loading class java/nio/file/Files$3 done
Event: 13.647 Loading class java/nio/file/FileVisitResult
Event: 13.647 Loading class java/nio/file/FileVisitResult done
Event: 15.719 Loading class java/lang/runtime/ObjectMethods
Event: 15.720 Loading class java/lang/runtime/ObjectMethods done
Event: 15.726 Loading class java/lang/invoke/MethodHandleImpl$Makers
Event: 15.726 Loading class java/lang/invoke/MethodHandleImpl$Makers done
Event: 15.727 Loading class java/lang/invoke/MethodHandleImpl$Makers$1
Event: 15.727 Loading class java/lang/invoke/MethodHandleImpl$Makers$1 done
Event: 15.727 Loading class java/lang/invoke/MethodHandleImpl$Makers$2
Event: 15.727 Loading class java/lang/invoke/MethodHandleImpl$Makers$2 done
Event: 15.727 Loading class java/lang/invoke/MethodHandleImpl$Makers$3
Event: 15.727 Loading class java/lang/invoke/MethodHandleImpl$Makers$3 done
Event: 15.748 Loading class java/lang/runtime/ObjectMethods$1
Event: 15.748 Loading class java/lang/runtime/ObjectMethods$1 done

Classes unloaded (7 events):
Event: 7.578 Thread 0x000001e7dda540c0 Unloading class 0x000001e781194c00 'java/lang/invoke/LambdaForm$MH+0x000001e781194c00'
Event: 7.578 Thread 0x000001e7dda540c0 Unloading class 0x000001e781194800 'java/lang/invoke/LambdaForm$MH+0x000001e781194800'
Event: 7.578 Thread 0x000001e7dda540c0 Unloading class 0x000001e781194400 'java/lang/invoke/LambdaForm$MH+0x000001e781194400'
Event: 7.578 Thread 0x000001e7dda540c0 Unloading class 0x000001e781194000 'java/lang/invoke/LambdaForm$MH+0x000001e781194000'
Event: 7.578 Thread 0x000001e7dda540c0 Unloading class 0x000001e781193c00 'java/lang/invoke/LambdaForm$BMH+0x000001e781193c00'
Event: 7.578 Thread 0x000001e7dda540c0 Unloading class 0x000001e781193800 'java/lang/invoke/LambdaForm$DMH+0x000001e781193800'
Event: 7.578 Thread 0x000001e7dda540c0 Unloading class 0x000001e781192400 'java/lang/invoke/LambdaForm$DMH+0x000001e781192400'

Classes redefined (0 events):
No events

Internal exceptions (20 events):
Event: 15.749 Thread 0x000001e7fcff9600 Exception <a 'java/lang/NoSuchMethodError'{0x00000000d5700e90}: 'int java.lang.invoke.DirectMethodHandle$Holder.invokeStaticInit(java.lang.Object, int, int)'> (0x00000000d5700e90) 
thrown [s\src\hotspot\share\interpreter\linkResolver.cpp, line 773]
Event: 15.750 Thread 0x000001e7fcff9600 Exception <a 'java/lang/NoSuchMethodError'{0x00000000d57088a8}: 'int java.lang.invoke.DirectMethodHandle$Holder.invokeStaticInit(java.lang.Object, long, long)'> (0x00000000d57088a8) 
thrown [s\src\hotspot\share\interpreter\linkResolver.cpp, line 773]
Event: 15.750 Thread 0x000001e7fcff9600 Exception <a 'java/lang/NoSuchMethodError'{0x00000000d570f940}: 'int java.lang.invoke.DirectMethodHandle$Holder.invokeStaticInit(java.lang.Object, float, float)'> (0x00000000d570f940) 
thrown [s\src\hotspot\share\interpreter\linkResolver.cpp, line 773]
Event: 15.751 Thread 0x000001e7fcff9600 Exception <a 'java/lang/NoSuchMethodError'{0x00000000d57168c0}: 'int java.lang.invoke.DirectMethodHandle$Holder.invokeStaticInit(java.lang.Object, double, double)'> (0x00000000d57168c0) 
thrown [s\src\hotspot\share\interpreter\linkResolver.cpp, line 773]
Event: 15.752 Thread 0x000001e7fcff9600 Exception <a 'java/lang/NoSuchMethodError'{0x00000000d571b340}: 'int java.lang.invoke.DirectMethodHandle$Holder.invokeStatic(java.lang.Object, long)'> (0x00000000d571b340) 
thrown [s\src\hotspot\share\interpreter\linkResolver.cpp, line 773]
Event: 15.756 Thread 0x000001e7fcffd7a0 Exception <a 'java/lang/NoSuchMethodError'{0x00000000d573a990}: 'int java.lang.invoke.DirectMethodHandle$Holder.invokeSpecial(java.lang.Object, java.lang.Object, int, int)'> (0x00000000d573a990) 
thrown [s\src\hotspot\share\interpreter\linkResolver.cpp, line 773]
Event: 15.757 Thread 0x000001e7fcff9600 Exception <a 'java/lang/NoSuchMethodError'{0x00000000d575b438}: 'int java.lang.invoke.DirectMethodHandle$Holder.invokeSpecial(java.lang.Object, java.lang.Object, int, int)'> (0x00000000d575b438) 
thrown [s\src\hotspot\share\interpreter\linkResolver.cpp, line 773]
Event: 15.757 Thread 0x000001e7fcffc3f0 Exception <a 'java/lang/NoSuchMethodError'{0x00000000d5779b28}: 'int java.lang.invoke.DirectMethodHandle$Holder.invokeSpecial(java.lang.Object, java.lang.Object, int, int)'> (0x00000000d5779b28) 
thrown [s\src\hotspot\share\interpreter\linkResolver.cpp, line 773]
Event: 15.761 Thread 0x000001e7fb599f40 Exception <a 'java/lang/NoSuchMethodError'{0x00000000d57daa58}: 'int java.lang.invoke.Invokers$Holder.linkToTargetMethod(java.lang.Object, java.lang.Object)'> (0x00000000d57daa58) 
thrown [s\src\hotspot\share\interpreter\linkResolver.cpp, line 773]
Event: 15.761 Thread 0x000001e7fcffe4c0 Exception <a 'java/lang/NoSuchMethodError'{0x00000000d57b50e8}: 'int java.lang.invoke.Invokers$Holder.linkToTargetMethod(java.lang.Object, java.lang.Object)'> (0x00000000d57b50e8) 
thrown [s\src\hotspot\share\interpreter\linkResolver.cpp, line 773]
Event: 15.761 Thread 0x000001e7fcff9c90 Exception <a 'java/lang/NoSuchMethodError'{0x00000000d57d41a8}: 'int java.lang.invoke.Invokers$Holder.linkToTargetMethod(java.lang.Object, java.lang.Object)'> (0x00000000d57d41a8) 
thrown [s\src\hotspot\share\interpreter\linkResolver.cpp, line 773]
Event: 15.761 Thread 0x000001e7fcffa9b0 Exception <a 'java/lang/NoSuchMethodError'{0x00000000d57def58}: 'int java.lang.invoke.Invokers$Holder.linkToTargetMethod(java.lang.Object, java.lang.Object)'> (0x00000000d57def58) 
thrown [s\src\hotspot\share\interpreter\linkResolver.cpp, line 773]
Event: 15.761 Thread 0x000001e7fcffeb50 Exception <a 'java/lang/NoSuchMethodError'{0x00000000d57f61a8}: 'int java.lang.invoke.Invokers$Holder.linkToTargetMethod(java.lang.Object, java.lang.Object)'> (0x00000000d57f61a8) 
thrown [s\src\hotspot\share\interpreter\linkResolver.cpp, line 773]
Event: 15.761 Thread 0x000001e7fcffde30 Exception <a 'java/lang/NoSuchMethodError'{0x00000000d57cd098}: 'int java.lang.invoke.Invokers$Holder.linkToTargetMethod(java.lang.Object, java.lang.Object)'> (0x00000000d57cd098) 
thrown [s\src\hotspot\share\interpreter\linkResolver.cpp, line 773]
Event: 15.761 Thread 0x000001e7fb59d3c0 Exception <a 'java/lang/NoSuchMethodError'{0x00000000d56cca28}: 'int java.lang.invoke.Invokers$Holder.linkToTargetMethod(java.lang.Object, java.lang.Object)'> (0x00000000d56cca28) 
thrown [s\src\hotspot\share\interpreter\linkResolver.cpp, line 773]
Event: 15.761 Thread 0x000001e7fcffca80 Exception <a 'java/lang/NoSuchMethodError'{0x00000000d5803c78}: 'int java.lang.invoke.Invokers$Holder.linkToTargetMethod(java.lang.Object, java.lang.Object)'> (0x00000000d5803c78) 
thrown [s\src\hotspot\share\interpreter\linkResolver.cpp, line 773]
Event: 15.761 Thread 0x000001e7fcffd110 Exception <a 'java/lang/NoSuchMethodError'{0x00000000d57e49b8}: 'int java.lang.invoke.Invokers$Holder.linkToTargetMethod(java.lang.Object, java.lang.Object)'> (0x00000000d57e49b8) 
thrown [s\src\hotspot\share\interpreter\linkResolver.cpp, line 773]
Event: 15.761 Thread 0x000001e7fcffd7a0 Exception <a 'java/lang/NoSuchMethodError'{0x00000000d57eb518}: 'int java.lang.invoke.Invokers$Holder.linkToTargetMethod(java.lang.Object, java.lang.Object)'> (0x00000000d57eb518) 
thrown [s\src\hotspot\share\interpreter\linkResolver.cpp, line 773]
Event: 15.762 Thread 0x000001e7fcff9600 Exception <a 'java/lang/NoSuchMethodError'{0x00000000d57f0db8}: 'int java.lang.invoke.Invokers$Holder.linkToTargetMethod(java.lang.Object, java.lang.Object)'> (0x00000000d57f0db8) 
thrown [s\src\hotspot\share\interpreter\linkResolver.cpp, line 773]
Event: 15.762 Thread 0x000001e7fcffc3f0 Exception <a 'java/lang/NoSuchMethodError'{0x00000000d5786510}: 'int java.lang.invoke.Invokers$Holder.linkToTargetMethod(java.lang.Object, java.lang.Object)'> (0x00000000d5786510) 
thrown [s\src\hotspot\share\interpreter\linkResolver.cpp, line 773]

ZGC Phase Switch (0 events):
No events

VM Operations (20 events):
Event: 9.160 Executing safepoint VM operation: ParallelGCFailedAllocation (Allocation Failure) done
Event: 9.922 Executing non-safepoint VM operation: HandshakeAllThreads (Deoptimize)
Event: 9.922 Executing non-safepoint VM operation: HandshakeAllThreads (Deoptimize) done
Event: 9.960 Executing safepoint VM operation: ParallelGCFailedAllocation (Allocation Failure)
Event: 9.967 Executing safepoint VM operation: ParallelGCFailedAllocation (Allocation Failure) done
Event: 11.396 Executing non-safepoint VM operation: HandshakeAllThreads (Deoptimize)
Event: 12.330 Executing non-safepoint VM operation: HandshakeAllThreads (Deoptimize) done
Event: 12.330 Executing safepoint VM operation: Cleanup
Event: 12.471 Executing safepoint VM operation: Cleanup done
Event: 12.491 Executing non-safepoint VM operation: HandshakeAllThreads (Deoptimize)
Event: 12.491 Executing non-safepoint VM operation: HandshakeAllThreads (Deoptimize) done
Event: 12.559 Executing non-safepoint VM operation: HandshakeAllThreads (Deoptimize)
Event: 12.560 Executing non-safepoint VM operation: HandshakeAllThreads (Deoptimize) done
Event: 13.560 Executing safepoint VM operation: Cleanup
Event: 13.645 Executing safepoint VM operation: Cleanup done
Event: 14.646 Executing safepoint VM operation: Cleanup
Event: 15.681 Executing safepoint VM operation: Cleanup done
Event: 15.728 Executing safepoint VM operation: ParallelGCFailedAllocation (Allocation Failure)
Event: 15.737 Executing safepoint VM operation: ParallelGCFailedAllocation (Allocation Failure) done
Event: 16.743 Executing safepoint VM operation: Cleanup

Memory protections (0 events):
No events

Nmethod flushes (0 events):
No events

Events (20 events):
Event: 8.973 Thread 0x000001e7ddaceaa0 Thread added: 0x000001e7fcff8250
Event: 8.973 Thread 0x000001e7ddaceaa0 Thread added: 0x000001e7fcff8f70
Event: 9.058 Thread 0x000001e7ddaceaa0 Thread added: 0x000001e7fcffbd60
Event: 9.563 Thread 0x000001e7ddaceaa0 Thread added: 0x000001e7fcff88e0
Event: 9.564 Thread 0x000001e7ddaceaa0 Thread added: 0x000001e7fcffc3f0
Event: 10.266 Thread 0x000001e7fcffc3f0 Thread added: 0x000001e7fcffca80
Event: 10.270 Thread 0x000001e7fcffc3f0 Thread added: 0x000001e7fcff9600
Event: 10.284 Thread 0x000001e7fcffc3f0 Thread added: 0x000001e7fcffd110
Event: 10.288 Thread 0x000001e7fcffc3f0 Thread added: 0x000001e7fcff9c90
Event: 11.280 Thread 0x000001e7fcff9c90 Thread added: 0x000001e7fcffd7a0
Event: 11.281 Thread 0x000001e7fcffd7a0 Thread added: 0x000001e7fcffde30
Event: 11.282 Thread 0x000001e7fcffde30 Thread added: 0x000001e7fcffa9b0
Event: 11.282 Thread 0x000001e7fcffa9b0 Thread added: 0x000001e7fcffeb50
Event: 11.283 Thread 0x000001e7fcffeb50 Thread added: 0x000001e7fcffe4c0
Event: 11.283 Thread 0x000001e7fcffe4c0 Thread added: 0x000001e7fb59d3c0
Event: 11.284 Thread 0x000001e7fb59d3c0 Thread added: 0x000001e7fb599f40
Event: 12.475 Thread 0x000001e7dda6dd90 Thread added: 0x000001e7fcb6d960
Event: 13.645 Thread 0x000001e7f57da920 Thread added: 0x000001e7fb84dde0
Event: 15.681 Thread 0x000001e7fb84dde0 Thread exited: 0x000001e7fb84dde0
Event: 15.746 Thread 0x000001e7f57da920 Thread added: 0x000001e7fbd99540


Dynamic libraries:
0x00007ff75e3b0000 - 0x00007ff75e3be000 	c:\Users\LENOVO\.vscode\extensions\redhat.java-1.55.0-win32-x64\jre\21.0.11-win32-x86_64\bin\java.exe
0x00007ff8759e0000 - 0x00007ff875c46000 	C:\WINDOWS\SYSTEM32\ntdll.dll
0x00007ff874f20000 - 0x00007ff874fe9000 	C:\WINDOWS\System32\KERNEL32.DLL
0x00007ff872ef0000 - 0x00007ff8732f0000 	C:\WINDOWS\System32\KERNELBASE.dll
0x00007ff86fb30000 - 0x00007ff86fbd0000 	C:\WINDOWS\SYSTEM32\apphelp.dll
0x00007ff8733c0000 - 0x00007ff87350c000 	C:\WINDOWS\System32\ucrtbase.dll
0x00007ff869f30000 - 0x00007ff869f4e000 	c:\Users\LENOVO\.vscode\extensions\redhat.java-1.55.0-win32-x64\jre\21.0.11-win32-x86_64\bin\VCRUNTIME140.dll
0x00007ff8693d0000 - 0x00007ff8693e8000 	c:\Users\LENOVO\.vscode\extensions\redhat.java-1.55.0-win32-x64\jre\21.0.11-win32-x86_64\bin\jli.dll
0x00007ff874370000 - 0x00007ff874537000 	C:\WINDOWS\System32\USER32.dll
0x00007ff872ec0000 - 0x00007ff872ee7000 	C:\WINDOWS\System32\win32u.dll
0x00007ff860050000 - 0x00007ff8602e2000 	C:\WINDOWS\WinSxS\amd64_microsoft.windows.common-controls_6595b64144ccf1df_6.0.26100.8737_none_3e092eaee333b772\COMCTL32.dll
0x00007ff875960000 - 0x00007ff87598b000 	C:\WINDOWS\System32\GDI32.dll
0x00007ff875820000 - 0x00007ff8758c9000 	C:\WINDOWS\System32\msvcrt.dll
0x00007ff873520000 - 0x00007ff873649000 	C:\WINDOWS\System32\gdi32full.dll
0x00007ff872c00000 - 0x00007ff872ca3000 	C:\WINDOWS\System32\msvcp_win.dll
0x00007ff874740000 - 0x00007ff874772000 	C:\WINDOWS\System32\IMM32.DLL
0x00007ff86a030000 - 0x00007ff86a03c000 	c:\Users\LENOVO\.vscode\extensions\redhat.java-1.55.0-win32-x64\jre\21.0.11-win32-x86_64\bin\vcruntime140_1.dll
0x00007ff856590000 - 0x00007ff85661d000 	c:\Users\LENOVO\.vscode\extensions\redhat.java-1.55.0-win32-x64\jre\21.0.11-win32-x86_64\bin\msvcp140.dll
0x00007fffd8310000 - 0x00007fffd90b2000 	c:\Users\LENOVO\.vscode\extensions\redhat.java-1.55.0-win32-x64\jre\21.0.11-win32-x86_64\bin\server\jvm.dll
0x00007ff8755c0000 - 0x00007ff875677000 	C:\WINDOWS\System32\ADVAPI32.dll
0x00007ff875380000 - 0x00007ff87542a000 	C:\WINDOWS\System32\sechost.dll
0x00007ff873d30000 - 0x00007ff873e48000 	C:\WINDOWS\System32\RPCRT4.dll
0x00007ff8758d0000 - 0x00007ff875950000 	C:\WINDOWS\System32\WS2_32.dll
0x00007ff872a60000 - 0x00007ff872abe000 	C:\WINDOWS\SYSTEM32\POWRPROF.dll
0x00007ff86bc60000 - 0x00007ff86bc6b000 	C:\WINDOWS\SYSTEM32\VERSION.dll
0x00007ff86b040000 - 0x00007ff86b076000 	C:\WINDOWS\SYSTEM32\WINMM.dll
0x00007ff872a40000 - 0x00007ff872a54000 	C:\WINDOWS\SYSTEM32\UMPDC.dll
0x00007ff8718e0000 - 0x00007ff8718fb000 	C:\WINDOWS\SYSTEM32\kernel.appcore.dll
0x00007ff869f20000 - 0x00007ff869f2a000 	c:\Users\LENOVO\.vscode\extensions\redhat.java-1.55.0-win32-x64\jre\21.0.11-win32-x86_64\bin\jimage.dll
0x00007ff866520000 - 0x00007ff866762000 	C:\WINDOWS\SYSTEM32\DBGHELP.DLL
0x00007ff874ff0000 - 0x00007ff875373000 	C:\WINDOWS\System32\combase.dll
0x00007ff873a30000 - 0x00007ff873b09000 	C:\WINDOWS\System32\OLEAUT32.dll
0x00007ff85f3d0000 - 0x00007ff85f40b000 	C:\WINDOWS\SYSTEM32\dbgcore.DLL
0x00007ff873650000 - 0x00007ff8736fc000 	C:\WINDOWS\System32\bcryptPrimitives.dll
0x00007ff8693c0000 - 0x00007ff8693cf000 	c:\Users\LENOVO\.vscode\extensions\redhat.java-1.55.0-win32-x64\jre\21.0.11-win32-x86_64\bin\instrument.dll
0x00007ff85c420000 - 0x00007ff85c440000 	c:\Users\LENOVO\.vscode\extensions\redhat.java-1.55.0-win32-x64\jre\21.0.11-win32-x86_64\bin\java.dll
0x00007ff874780000 - 0x00007ff874f12000 	C:\WINDOWS\System32\SHELL32.dll
0x00007ff8706e0000 - 0x00007ff870f72000 	C:\WINDOWS\SYSTEM32\windows.storage.dll
0x00007ff873b70000 - 0x00007ff873c67000 	C:\WINDOWS\System32\SHCORE.dll
0x00007ff873850000 - 0x00007ff8738b7000 	C:\WINDOWS\System32\shlwapi.dll
0x00007ff872b20000 - 0x00007ff872b49000 	C:\WINDOWS\SYSTEM32\profapi.dll
0x00007ff85c400000 - 0x00007ff85c418000 	c:\Users\LENOVO\.vscode\extensions\redhat.java-1.55.0-win32-x64\jre\21.0.11-win32-x86_64\bin\zip.dll
0x00007ff8692b0000 - 0x00007ff8692c0000 	C:\Users\LENOVO\.vscode\extensions\redhat.java-1.55.0-win32-x64\jre\21.0.11-win32-x86_64\bin\net.dll
0x00007ff86a5d0000 - 0x00007ff86a6f9000 	C:\WINDOWS\SYSTEM32\WINHTTP.dll
0x00007ff871e90000 - 0x00007ff871efc000 	C:\WINDOWS\system32\mswsock.dll
0x00007ff856570000 - 0x00007ff856586000 	C:\Users\LENOVO\.vscode\extensions\redhat.java-1.55.0-win32-x64\jre\21.0.11-win32-x86_64\bin\nio.dll
0x00007ff866050000 - 0x00007ff866060000 	c:\Users\LENOVO\.vscode\extensions\redhat.java-1.55.0-win32-x64\jre\21.0.11-win32-x86_64\bin\verify.dll
0x00007ff856520000 - 0x00007ff856565000 	C:\Users\LENOVO\AppData\Roaming\Code\User\globalStorage\redhat.java\1.55.0\config_ss_win\org.eclipse.equinox.launcher\org.eclipse.equinox.launcher.win32.win32.x86_64_1.3.100.v20260613-0559\eclipse_11924.dll
0x00007ff875680000 - 0x00007ff875819000 	C:\WINDOWS\System32\ole32.dll
0x00007ff8721b0000 - 0x00007ff8721cb000 	C:\WINDOWS\SYSTEM32\CRYPTSP.dll
0x00007ff871840000 - 0x00007ff871879000 	C:\WINDOWS\system32\rsaenh.dll
0x00007ff871f50000 - 0x00007ff871f82000 	C:\WINDOWS\SYSTEM32\USERENV.dll
0x00007ff872af0000 - 0x00007ff872b1a000 	C:\WINDOWS\SYSTEM32\bcrypt.dll
0x00007ff872190000 - 0x00007ff87219c000 	C:\WINDOWS\SYSTEM32\CRYPTBASE.dll
0x00007ff8712b0000 - 0x00007ff8712e3000 	C:\WINDOWS\SYSTEM32\IPHLPAPI.DLL
0x00007ff874730000 - 0x00007ff87473a000 	C:\WINDOWS\System32\NSI.dll
0x00007ff835b90000 - 0x00007ff835bd9000 	C:\Users\LENOVO\AppData\Local\Temp\jna--2053026509\jna8687436608526679577.dll
0x00007ff874720000 - 0x00007ff874728000 	C:\WINDOWS\System32\PSAPI.DLL
0x00007ff86ad00000 - 0x00007ff86ad1d000 	C:\WINDOWS\SYSTEM32\dhcpcsvc6.DLL
0x00007ff86a1e0000 - 0x00007ff86a205000 	C:\WINDOWS\SYSTEM32\dhcpcsvc.DLL

JVMTI agents:
c:\Users\LENOVO\.vscode\extensions\redhat.java-1.55.0-win32-x64\lombok\lombok-1.18.39-4050.jar path:c:\Users\LENOVO\.vscode\extensions\redhat.java-1.55.0-win32-x64\jre\21.0.11-win32-x86_64\bin\instrument.dll, loaded, initialized, instrumentlib options:none

dbghelp: loaded successfully - version: 4.0.5 - missing functions: none
symbol engine: initialized successfully - sym options: 0x614 - pdb path: .;c:\Users\LENOVO\.vscode\extensions\redhat.java-1.55.0-win32-x64\jre\21.0.11-win32-x86_64\bin;C:\WINDOWS\SYSTEM32;C:\WINDOWS\WinSxS\amd64_microsoft.windows.common-controls_6595b64144ccf1df_6.0.26100.8737_none_3e092eaee333b772;c:\Users\LENOVO\.vscode\extensions\redhat.java-1.55.0-win32-x64\jre\21.0.11-win32-x86_64\bin\server;C:\Users\LENOVO\AppData\Roaming\Code\User\globalStorage\redhat.java\1.55.0\config_ss_win\org.eclipse.equinox.launcher\org.eclipse.equinox.launcher.win32.win32.x86_64_1.3.100.v20260613-0559;C:\Users\LENOVO\AppData\Local\Temp\jna--2053026509

VM Arguments:
jvm_args: --add-modules=ALL-SYSTEM --add-opens=java.base/java.util=ALL-UNNAMED --add-opens=java.base/java.lang=ALL-UNNAMED --add-opens=java.base/sun.nio.fs=ALL-UNNAMED -Declipse.application=org.eclipse.jdt.ls.core.id1 -Dosgi.bundles.defaultStartLevel=4 -Declipse.product=org.eclipse.jdt.ls.core.product -Djava.import.generatesMetadataFilesAtProjectRoot=false -DDetectVMInstallationsJob.disabled=true -Dfile.encoding=utf8 -XX:+UseParallelGC -XX:GCTimeRatio=4 -XX:AdaptiveSizePolicyWeight=90 -Dsun.zip.disableMemoryMapping=true -Xmx2G -Xms100m -Xlog:disable -javaagent:c:\Users\LENOVO\.vscode\extensions\redhat.java-1.55.0-win32-x64\lombok\lombok-1.18.39-4050.jar 
java_command: c:\Users\LENOVO\.vscode\extensions\redhat.java-1.55.0-win32-x64\server\plugins\org.eclipse.equinox.launcher_1.7.200.v20260619-2039.jar -configuration c:\Users\LENOVO\AppData\Roaming\Code\User\globalStorage\redhat.java\1.55.0\config_ss_win -data c:\Users\LENOVO\AppData\Roaming\Code\User\workspaceStorage\84a9ee0c8d2d6fa00e0b82af2be657ab\redhat.java\ss_ws --pipe=\\.\pipe\lsp-ce7b22aa0fbd2287242f5e2a98477c1b-sock
java_class_path (initial): c:\Users\LENOVO\.vscode\extensions\redhat.java-1.55.0-win32-x64\server\plugins\org.eclipse.equinox.launcher_1.7.200.v20260619-2039.jar
Launcher Type: SUN_STANDARD

[Global flags]
    uintx AdaptiveSizePolicyWeight                 = 90                                        {product} {command line}
     intx CICompilerCount                          = 4                                         {product} {ergonomic}
    uintx GCTimeRatio                              = 4                                         {product} {command line}
   size_t InitialHeapSize                          = 104857600                                 {product} {command line}
   size_t MaxHeapSize                              = 2147483648                                {product} {command line}
   size_t MaxNewSize                               = 715653120                                 {product} {ergonomic}
   size_t MinHeapDeltaBytes                        = 524288                                    {product} {ergonomic}
   size_t MinHeapSize                              = 104857600                                 {product} {command line}
   size_t NewSize                                  = 34603008                                  {product} {ergonomic}
    uintx NonNMethodCodeHeapSize                   = 5839372                                {pd product} {ergonomic}
    uintx NonProfiledCodeHeapSize                  = 122909434                              {pd product} {ergonomic}
   size_t OldSize                                  = 70254592                                  {product} {ergonomic}
    uintx ProfiledCodeHeapSize                     = 122909434                              {pd product} {ergonomic}
    uintx ReservedCodeCacheSize                    = 251658240                              {pd product} {ergonomic}
     bool SegmentedCodeCache                       = true                                      {product} {ergonomic}
   size_t SoftMaxHeapSize                          = 2147483648                             {manageable} {ergonomic}
     bool UseCompressedOops                        = true                           {product lp64_product} {ergonomic}
     bool UseLargePagesIndividualAllocation        = false                                  {pd product} {ergonomic}
     bool UseParallelGC                            = true                                      {product} {command line}

Logging:
Log output configuration:
 #0: stdout all=off uptime,level,tags foldmultilines=false
 #1: stderr all=off uptime,level,tags foldmultilines=false

Release file:
JAVA_VERSION="21.0.11" 
MODULES="java.base java.compiler java.datatransfer java.xml java.prefs java.desktop java.instrument java.logging java.management java.security.sasl java.naming java.rmi java.management.rmi java.net.http java.scripting java.security.jgss java.transaction.xa java.sql java.sql.rowset java.xml.crypto java.se java.smartcardio jdk.accessibility jdk.internal.jvmstat jdk.attach jdk.charsets jdk.internal.opt jdk.zipfs jdk.compiler jdk.crypto.ec jdk.crypto.cryptoki jdk.crypto.mscapi jdk.dynalink jdk.internal.ed jdk.editpad jdk.hotspot.agent jdk.httpserver jdk.internal.le jdk.internal.vm.ci jdk.internal.vm.compiler jdk.internal.vm.compiler.management jdk.jartool jdk.javadoc jdk.jcmd jdk.management jdk.management.agent jdk.jconsole jdk.jdeps jdk.jdwp.agent jdk.jdi jdk.jfr jdk.jshell jdk.jsobject jdk.jstatd jdk.localedata jdk.management.jfr jdk.naming.dns jdk.naming.rmi jdk.net jdk.nio.mapmode jdk.random jdk.sctp jdk.security.auth jdk.security.jgss jdk.unsupported jdk.unsupported.desktop jdk.xml.dom" 

Environment Variables:
JAVA_HOME=C:\Program Files\Eclipse Adoptium\jdk-25.0.2.10-hotspot
PATH=C:\Program Files\Eclipse Adoptium\jdk-25.0.2.10-hotspot\bin;C:\WINDOWS\system32;C:\WINDOWS;C:\WINDOWS\System32\Wbem;C:\WINDOWS\System32\WindowsPowerShell\v1.0\;C:\WINDOWS\System32\OpenSSH\;C:\Program Files\php-8.3.6;C:\Program Files\cursor\resources\app\bin;C:\Program Files\nodejs\;C:\ProgramData\chocolatey\bin;C:\Program Files\Git\cmd;C:\mingw64\bin;C:\Users\LENOVO\Downloads\apache-maven-3.9.16-bin;C:\Users\LENOVO\AppData\Local\Programs\Python\Python313\Scripts\;C:\Users\LENOVO\AppData\Local\Programs\Python\Python313\;C:\Users\LENOVO\AppData\Local\Microsoft\WindowsApps;C:\mingw32\bin;C:\Users\LENOVO\AppData\Local\Programs\Microsoft VS Code\bin;C:\Users\LENOVO\AppData\Roaming\npm;C:\Users\LENOVO\AppData\Local\Programs\Antigravity\bin;C:\Program Files\JetBrains\IntelliJ IDEA 2025.3.4\bin;C:\ProgramData\LENOVO\GitHubDesktop\bin
USERNAME=LENOVO
OS=Windows_NT
PROCESSOR_IDENTIFIER=AMD64 Family 23 Model 104 Stepping 1, AuthenticAMD
TMP=C:\Users\LENOVO\AppData\Local\Temp
TEMP=C:\Users\LENOVO\AppData\Local\Temp




Periodic native trim disabled

---------------  S Y S T E M  ---------------

OS:
 Windows 11 , 64 bit Build 26100 (10.0.26100.8737)
OS uptime: 6 days 0:26 hours

CPU: total 12 (initial active 12) (12 cores per cpu, 2 threads per core) family 23 model 104 stepping 1 microcode 0x8608103, cx8, cmov, fxsr, ht, mmx, 3dnowpref, sse, sse2, sse3, ssse3, sse4a, sse4.1, sse4.2, popcnt, lzcnt, tsc, tscinvbit, avx, avx2, aes, clmul, bmi1, bmi2, adx, sha, fma, vzeroupper, clflush, clflushopt, rdtscp, rdpid, f16c
Processor Information for the first 12 processors :
  Max Mhz: 2100, Current Mhz: 1988, Mhz Limit: 2100

Memory: 4k page, system-wide physical 6005M (1098M free)
TotalPageFile size 24437M (AvailPageFile size 2M)
current process WorkingSet (physical memory assigned to process): 165M, peak: 168M
current process commit charge ("private bytes"): 305M, peak: 308M

vm_info: OpenJDK 64-Bit Server VM (21.0.11+10-LTS) for windows-amd64 JRE (21.0.11+10-LTS), built on 2026-04-21T00:00:00Z by "admin" with MS VC++ 17.12 (VS2022)

END.
