#
# There is insufficient memory for the Java Runtime Environment to continue.
# Native memory allocation (malloc) failed to allocate 505616 bytes. Error detail: Chunk::new
# Possible reasons:
#   The system is out of physical RAM or swap space
#   This process is running with CompressedOops enabled, and the Java Heap may be blocking the growth of the native heap
# Possible solutions:
#   Reduce memory load on the system
#   Increase physical memory or swap space
#   Check if swap backing store is full
#   Decrease Java heap size (-Xmx/-Xms)
#   Decrease number of Java threads
#   Decrease Java thread stack sizes (-Xss)
#   Set larger code cache with -XX:ReservedCodeCacheSize=
#   JVM is running with Unscaled Compressed Oops mode in which the Java heap is
#     placed in the first 4GB address space. The Java Heap base address is the
#     maximum limit for the native heap growth. Please use -XX:HeapBaseMinAddress
#     to set the Java Heap base and to place the Java Heap above 4GB virtual address.
# This output file may be truncated or incomplete.
#
#  Out of Memory Error (arena.cpp:168), pid=25040, tid=25332
#
# JRE version: OpenJDK Runtime Environment Temurin-21.0.11+10 (21.0.11+10) (build 21.0.11+10-LTS)
# Java VM: OpenJDK 64-Bit Server VM Temurin-21.0.11+10 (21.0.11+10-LTS, mixed mode, sharing, tiered, compressed oops, compressed class ptrs, parallel gc, windows-amd64)
# No core dump will be written. Minidumps are not enabled by default on client versions of Windows
#

---------------  S U M M A R Y ------------

Command Line: --add-modules=ALL-SYSTEM --add-opens=java.base/java.util=ALL-UNNAMED --add-opens=java.base/java.lang=ALL-UNNAMED --add-opens=java.base/sun.nio.fs=ALL-UNNAMED -Declipse.application=org.eclipse.jdt.ls.core.id1 -Dosgi.bundles.defaultStartLevel=4 -Declipse.product=org.eclipse.jdt.ls.core.product -Djava.import.generatesMetadataFilesAtProjectRoot=false -DDetectVMInstallationsJob.disabled=true -Dfile.encoding=utf8 -XX:+UseParallelGC -XX:GCTimeRatio=4 -XX:AdaptiveSizePolicyWeight=90 -Dsun.zip.disableMemoryMapping=true -Xmx2G -Xms100m -Xlog:disable -javaagent:c:\Users\LENOVO\.vscode\extensions\redhat.java-1.55.0-win32-x64\lombok\lombok-1.18.39-4050.jar c:\Users\LENOVO\.vscode\extensions\redhat.java-1.55.0-win32-x64\server\plugins\org.eclipse.equinox.launcher_1.7.200.v20260619-2039.jar -configuration c:\Users\LENOVO\AppData\Roaming\Code\User\globalStorage\redhat.java\1.55.0\config_ss_win -data c:\Users\LENOVO\AppData\Roaming\Code\User\workspaceStorage\84a9ee0c8d2d6fa00e0b82af2be657ab\redhat.java\ss_ws --pipe=\\.\pipe\lsp-1459c598ba9b3e81f0c2b81b763d1842-sock

Host: AMD Ryzen 5 5500U with Radeon Graphics         , 12 cores, 5G,  Windows 11 , 64 bit Build 26100 (10.0.26100.8737)
Time: Tue Jun 30 20:17:27 2026 India Standard Time elapsed time: 45.074431 seconds (0d 0h 0m 45s)

---------------  T H R E A D  ---------------

Current thread (0x000001f24236db70):  JavaThread "C2 CompilerThread0" daemon [_thread_in_native, id=25332, stack(0x0000005b72700000,0x0000005b72800000) (1024K)]


Current CompileTask:
C2:45075 4883       4       jdk.internal.org.objectweb.asm.Frame::execute (2305 bytes)

Stack: [0x0000005b72700000,0x0000005b72800000]
Native frames: (J=compiled Java code, j=interpreted, Vv=VM code, C=native code)
V  [jvm.dll+0x6d7e19]
V  [jvm.dll+0x8b5096]
V  [jvm.dll+0x8b764e]
V  [jvm.dll+0x8b7d33]
V  [jvm.dll+0x284596]
V  [jvm.dll+0xc685d]
V  [jvm.dll+0xc6da1]
V  [jvm.dll+0x3bed31]
V  [jvm.dll+0x38b2b2]
V  [jvm.dll+0x38a6fa]
V  [jvm.dll+0x24c700]
V  [jvm.dll+0x24bce0]
V  [jvm.dll+0x1cb4ae]
V  [jvm.dll+0x25baad]
V  [jvm.dll+0x25a03a]
V  [jvm.dll+0x3f868e]
V  [jvm.dll+0x85fb0d]
V  [jvm.dll+0x6d664d]
C  [ucrtbase.dll+0x2cd30]
C  [KERNEL32.DLL+0x2e957]
C  [ntdll.dll+0xaad6c]


---------------  P R O C E S S  ---------------

Threads class SMR info:
_java_thread_list=0x000001f24976f030, length=47, elements={
0x000001f2696155b0, 0x000001f2696bd720, 0x000001f2695a24b0, 0x000001f2695a8250,
0x000001f2695aaf40, 0x000001f2695ab9a0, 0x000001f2695ac400, 0x000001f24236db70,
0x000001f24236edf0, 0x000001f2425e14f0, 0x000001f2426a50f0, 0x000001f2439677e0,
0x000001f24800aee0, 0x000001f24800b570, 0x000001f248009b30, 0x000001f24800bc00,
0x000001f24800c290, 0x000001f2480094a0, 0x000001f24800a1c0, 0x000001f24800a850,
0x000001f248419e90, 0x000001f24841b240, 0x000001f24841d310, 0x000001f24841b8d0,
0x000001f24841bf60, 0x000001f24841abb0, 0x000001f24841d9a0, 0x000001f24841c5f0,
0x000001f24841cc80, 0x000001f24841a520, 0x000001f248420790, 0x000001f248420100,
0x000001f248420e20, 0x000001f2484214b0, 0x000001f24841e030, 0x000001f24841fa70,
0x000001f24841e6c0, 0x000001f24841ed50, 0x000001f24841f3e0, 0x000001f24852ccc0,
0x000001f24852d350, 0x000001f24852d9e0, 0x000001f24852c630, 0x000001f24852e070,
0x000001f24852e700, 0x000001f24852ed90, 0x000001f24852b910
}

Java Threads: ( => current thread )
  0x000001f2696155b0 JavaThread "main"                              [_thread_blocked, id=33268, stack(0x0000005b71c00000,0x0000005b71d00000) (1024K)]
  0x000001f2696bd720 JavaThread "Reference Handler"          daemon [_thread_blocked, id=23876, stack(0x0000005b72100000,0x0000005b72200000) (1024K)]
  0x000001f2695a24b0 JavaThread "Finalizer"                  daemon [_thread_blocked, id=30328, stack(0x0000005b72200000,0x0000005b72300000) (1024K)]
  0x000001f2695a8250 JavaThread "Signal Dispatcher"          daemon [_thread_blocked, id=31988, stack(0x0000005b72300000,0x0000005b72400000) (1024K)]
  0x000001f2695aaf40 JavaThread "Attach Listener"            daemon [_thread_blocked, id=32652, stack(0x0000005b72400000,0x0000005b72500000) (1024K)]
  0x000001f2695ab9a0 JavaThread "Service Thread"             daemon [_thread_blocked, id=22392, stack(0x0000005b72500000,0x0000005b72600000) (1024K)]
  0x000001f2695ac400 JavaThread "Monitor Deflation Thread"   daemon [_thread_blocked, id=29264, stack(0x0000005b72600000,0x0000005b72700000) (1024K)]
=>0x000001f24236db70 JavaThread "C2 CompilerThread0"         daemon [_thread_in_native, id=25332, stack(0x0000005b72700000,0x0000005b72800000) (1024K)]
  0x000001f24236edf0 JavaThread "C1 CompilerThread0"         daemon [_thread_blocked, id=10528, stack(0x0000005b72800000,0x0000005b72900000) (1024K)]
  0x000001f2425e14f0 JavaThread "Common-Cleaner"             daemon [_thread_blocked, id=17652, stack(0x0000005b72900000,0x0000005b72a00000) (1024K)]
  0x000001f2426a50f0 JavaThread "Notification Thread"        daemon [_thread_blocked, id=9440, stack(0x0000005b72a00000,0x0000005b72b00000) (1024K)]
  0x000001f2439677e0 JavaThread "Active Thread: Equinox Container: cb8c91e0-2e8a-4ce4-b577-0a2b4f0e8fd8"        [_thread_blocked, id=27592, stack(0x0000005b73100000,0x0000005b73200000) (1024K)]
  0x000001f24800aee0 JavaThread "Framework Event Dispatcher: Equinox Container: cb8c91e0-2e8a-4ce4-b577-0a2b4f0e8fd8" daemon [_thread_blocked, id=26880, stack(0x0000005b73200000,0x0000005b73300000) (1024K)]
  0x000001f24800b570 JavaThread "Start Level: Equinox Container: cb8c91e0-2e8a-4ce4-b577-0a2b4f0e8fd8" daemon [_thread_blocked, id=23720, stack(0x0000005b73300000,0x0000005b73400000) (1024K)]
  0x000001f248009b30 JavaThread "SCR Component Actor"        daemon [_thread_blocked, id=32116, stack(0x0000005b73500000,0x0000005b73600000) (1024K)]
  0x000001f24800bc00 JavaThread "Worker-JM"                         [_thread_blocked, id=2452, stack(0x0000005b73600000,0x0000005b73700000) (1024K)]
  0x000001f24800c290 JavaThread "JNA Cleaner"                daemon [_thread_blocked, id=17628, stack(0x0000005b73700000,0x0000005b73800000) (1024K)]
  0x000001f2480094a0 JavaThread "Worker-0"                          [_thread_blocked, id=6824, stack(0x0000005b73a00000,0x0000005b73b00000) (1024K)]
  0x000001f24800a1c0 JavaThread "Worker-1"                          [_thread_blocked, id=33496, stack(0x0000005b73b00000,0x0000005b73c00000) (1024K)]
  0x000001f24800a850 JavaThread "Thread-1"                   daemon [_thread_in_native, id=16796, stack(0x0000005b73e00000,0x0000005b73f00000) (1024K)]
  0x000001f248419e90 JavaThread "Thread-2"                   daemon [_thread_in_native, id=30528, stack(0x0000005b73f00000,0x0000005b74000000) (1024K)]
  0x000001f24841b240 JavaThread "Thread-3"                   daemon [_thread_in_native, id=29912, stack(0x0000005b74000000,0x0000005b74100000) (1024K)]
  0x000001f24841d310 JavaThread "Thread-4"                   daemon [_thread_in_native, id=16456, stack(0x0000005b74100000,0x0000005b74200000) (1024K)]
  0x000001f24841b8d0 JavaThread "Thread-5"                   daemon [_thread_in_native, id=3440, stack(0x0000005b74200000,0x0000005b74300000) (1024K)]
  0x000001f24841bf60 JavaThread "Thread-6"                   daemon [_thread_in_native, id=19260, stack(0x0000005b74300000,0x0000005b74400000) (1024K)]
  0x000001f24841abb0 JavaThread "Thread-7"                   daemon [_thread_in_native, id=5468, stack(0x0000005b74400000,0x0000005b74500000) (1024K)]
  0x000001f24841d9a0 JavaThread "Thread-8"                   daemon [_thread_in_native, id=32932, stack(0x0000005b74500000,0x0000005b74600000) (1024K)]
  0x000001f24841c5f0 JavaThread "Thread-9"                   daemon [_thread_in_native, id=22560, stack(0x0000005b74600000,0x0000005b74700000) (1024K)]
  0x000001f24841cc80 JavaThread "Thread-10"                  daemon [_thread_in_native, id=5128, stack(0x0000005b74700000,0x0000005b74800000) (1024K)]
  0x000001f24841a520 JavaThread "Thread-11"                  daemon [_thread_in_native, id=1492, stack(0x0000005b74800000,0x0000005b74900000) (1024K)]
  0x000001f248420790 JavaThread "Thread-12"                  daemon [_thread_in_native, id=29096, stack(0x0000005b74900000,0x0000005b74a00000) (1024K)]
  0x000001f248420100 JavaThread "Thread-13"                  daemon [_thread_in_native, id=12972, stack(0x0000005b74a00000,0x0000005b74b00000) (1024K)]
  0x000001f248420e20 JavaThread "pool-2-thread-1"                   [_thread_blocked, id=20612, stack(0x0000005b74b00000,0x0000005b74c00000) (1024K)]
  0x000001f2484214b0 JavaThread "Worker-2"                          [_thread_blocked, id=20004, stack(0x0000005b74c00000,0x0000005b74d00000) (1024K)]
  0x000001f24841e030 JavaThread "WorkspaceEventsHandler"            [_thread_blocked, id=14540, stack(0x0000005b74d00000,0x0000005b74e00000) (1024K)]
  0x000001f24841fa70 JavaThread "pool-1-thread-1"                   [_thread_in_vm, id=23276, stack(0x0000005b74e00000,0x0000005b74f00000) (1024K)]
  0x000001f24841e6c0 JavaThread "ForkJoinPool.commonPool-worker-1" daemon [_thread_blocked, id=23012, stack(0x0000005b73d00000,0x0000005b73e00000) (1024K)]
  0x000001f24841ed50 JavaThread "ForkJoinPool.commonPool-worker-2" daemon [_thread_blocked, id=19576, stack(0x0000005b74f00000,0x0000005b75000000) (1024K)]
  0x000001f24841f3e0 JavaThread "ForkJoinPool.commonPool-worker-3" daemon [_thread_blocked, id=27936, stack(0x0000005b75000000,0x0000005b75100000) (1024K)]
  0x000001f24852ccc0 JavaThread "ForkJoinPool.commonPool-worker-4" daemon [_thread_blocked, id=1864, stack(0x0000005b75100000,0x0000005b75200000) (1024K)]
  0x000001f24852d350 JavaThread "ForkJoinPool.commonPool-worker-5" daemon [_thread_blocked, id=4172, stack(0x0000005b75200000,0x0000005b75300000) (1024K)]
  0x000001f24852d9e0 JavaThread "ForkJoinPool.commonPool-worker-6" daemon [_thread_blocked, id=30832, stack(0x0000005b75300000,0x0000005b75400000) (1024K)]
  0x000001f24852c630 JavaThread "ForkJoinPool.commonPool-worker-7" daemon [_thread_blocked, id=13240, stack(0x0000005b75400000,0x0000005b75500000) (1024K)]
  0x000001f24852e070 JavaThread "ForkJoinPool.commonPool-worker-8" daemon [_thread_blocked, id=28428, stack(0x0000005b75500000,0x0000005b75600000) (1024K)]
  0x000001f24852e700 JavaThread "ForkJoinPool.commonPool-worker-9" daemon [_thread_blocked, id=3316, stack(0x0000005b75600000,0x0000005b75700000) (1024K)]
  0x000001f24852ed90 JavaThread "ForkJoinPool.commonPool-worker-10" daemon [_thread_blocked, id=14584, stack(0x0000005b75700000,0x0000005b75800000) (1024K)]
  0x000001f24852b910 JavaThread "ForkJoinPool.commonPool-worker-11" daemon [_thread_blocked, id=10084, stack(0x0000005b75800000,0x0000005b75900000) (1024K)]
Total: 47

Other Threads:
  0x000001f269594540 VMThread "VM Thread"                           [id=13416, stack(0x0000005b72000000,0x0000005b72100000) (1024K)]
  0x000001f26948ca00 WatcherThread "VM Periodic Task Thread"        [id=13300, stack(0x0000005b71f00000,0x0000005b72000000) (1024K)]
  0x000001f269626520 WorkerThread "GC Thread#0"                     [id=20224, stack(0x0000005b71e00000,0x0000005b71f00000) (1024K)]
  0x000001f2434fc040 WorkerThread "GC Thread#1"                     [id=6236, stack(0x0000005b72b00000,0x0000005b72c00000) (1024K)]
  0x000001f2434fc3f0 WorkerThread "GC Thread#2"                     [id=16004, stack(0x0000005b72c00000,0x0000005b72d00000) (1024K)]
  0x000001f2434fc7a0 WorkerThread "GC Thread#3"                     [id=7140, stack(0x0000005b72d00000,0x0000005b72e00000) (1024K)]
  0x000001f2434fcb50 WorkerThread "GC Thread#4"                     [id=29460, stack(0x0000005b72e00000,0x0000005b72f00000) (1024K)]
  0x000001f2434fcf00 WorkerThread "GC Thread#5"                     [id=14156, stack(0x0000005b72f00000,0x0000005b73000000) (1024K)]
  0x000001f242714620 WorkerThread "GC Thread#6"                     [id=20052, stack(0x0000005b73000000,0x0000005b73100000) (1024K)]
  0x000001f242411800 WorkerThread "GC Thread#7"                     [id=15616, stack(0x0000005b73400000,0x0000005b73500000) (1024K)]
  0x000001f248143510 WorkerThread "GC Thread#8"                     [id=9036, stack(0x0000005b73800000,0x0000005b73900000) (1024K)]
  0x000001f24809d2d0 WorkerThread "GC Thread#9"                     [id=26668, stack(0x0000005b73900000,0x0000005b73a00000) (1024K)]
Total: 12

Threads with active compile tasks:
C2 CompilerThread0  45217 4883       4       jdk.internal.org.objectweb.asm.Frame::execute (2305 bytes)
Total: 1

VM state: not at safepoint (normal execution)

VM Mutex/Monitor currently owned by a thread:  ([mutex/lock_event])
[0x00007fffd8fcd4f0] Metaspace_lock - owner thread: 0x000001f24841fa70

Heap address: 0x0000000080000000, size: 2048 MB, Compressed Oops mode: 32-bit

CDS archive(s) mapped at: [0x000001f200000000-0x000001f200ba0000-0x000001f200ba0000), size 12189696, SharedBaseAddress: 0x000001f200000000, ArchiveRelocationMode: 1.
Compressed class space mapped at: 0x000001f201000000-0x000001f241000000, reserved size: 1073741824
Narrow klass base: 0x000001f200000000, Narrow klass shift: 0, Narrow klass range: 0x100000000

GC Precious Log:
 CardTable entry size: 512
 CPUs: 12 total, 12 available
 Memory: 6005M
 Large Page Support: Disabled
 NUMA Support: Disabled
 Compressed Oops: Enabled (32-bit)
 Alignments: Space 512K, Generation 512K, Heap 2M
 Heap Min Capacity: 100M
 Heap Initial Capacity: 100M
 Heap Max Capacity: 2G
 Pre-touch: Disabled
 Parallel Workers: 10

Heap:
 PSYoungGen      total 18944K, used 3608K [0x00000000d5580000, 0x00000000d6a00000, 0x0000000100000000)
  eden space 18432K, 16% used [0x00000000d5580000,0x00000000d588b430,0x00000000d6780000)
  from space 512K, 96% used [0x00000000d6900000,0x00000000d697ae58,0x00000000d6980000)
  to   space 512K, 0% used [0x00000000d6980000,0x00000000d6980000,0x00000000d6a00000)
 ParOldGen       total 68608K, used 28714K [0x0000000080000000, 0x0000000084300000, 0x00000000d5580000)
  object space 68608K, 41% used [0x0000000080000000,0x0000000081c0aa00,0x0000000084300000)
 Metaspace       used 35767K, committed 36800K, reserved 1114112K
  class space    used 3658K, committed 4160K, reserved 1048576K

Card table byte_map: [0x000001f268fa0000,0x000001f2693b0000] _byte_map_base: 0x000001f268ba0000

Marking Bits: (ParMarkBitMap*) 0x00007fffd8fd4460
 Begin Bits: [0x000001f27bab0000, 0x000001f27dab0000)
 End Bits:   [0x000001f27dab0000, 0x000001f27fab0000)

Polling page: 0x000001f267610000

Metaspace:

Usage:
  Non-class:     31.36 MB used.
      Class:      3.57 MB used.
       Both:     34.93 MB used.

Virtual space:
  Non-class space:       64.00 MB reserved,      31.88 MB ( 50%) committed,  1 nodes.
      Class space:        1.00 GB reserved,       4.06 MB ( <1%) committed,  1 nodes.
             Both:        1.06 GB reserved,      35.94 MB (  3%) committed. 

Chunk freelists:
   Non-Class:  15.83 MB
       Class:  11.97 MB
        Both:  27.79 MB

MaxMetaspaceSize: unlimited
CompressedClassSpaceSize: 1.00 GB
Initial GC threshold: 21.00 MB
Current GC threshold: 58.38 MB
CDS: on
 - commit_granule_bytes: 65536.
 - commit_granule_words: 8192.
 - virtual_space_node_default_size: 8388608.
 - enlarge_chunks_in_place: 1.
 - use_allocation_guard: 0.


Internal statistics:

num_allocs_failed_limit: 6.
num_arena_births: 1154.
num_arena_deaths: 476.
num_vsnodes_births: 2.
num_vsnodes_deaths: 0.
num_space_committed: 575.
num_space_uncommitted: 0.
num_chunks_returned_to_freelist: 681.
num_chunks_taken_from_freelist: 2960.
num_chunk_merges: 304.
num_chunk_splits: 1707.
num_chunks_enlarged: 833.
num_inconsistent_stats: 0.

CodeHeap 'non-profiled nmethods': size=120000Kb used=2056Kb max_used=2098Kb free=117943Kb
 bounds [0x000001f2742d0000, 0x000001f274540000, 0x000001f27b800000]
CodeHeap 'profiled nmethods': size=120000Kb used=9170Kb max_used=9698Kb free=110829Kb
 bounds [0x000001f26c800000, 0x000001f26d180000, 0x000001f273d30000]
CodeHeap 'non-nmethods': size=5760Kb used=1378Kb max_used=1418Kb free=4381Kb
 bounds [0x000001f273d30000, 0x000001f273fa0000, 0x000001f2742d0000]
CodeCache: size=245760Kb, used=12604Kb, max_used=13214Kb, free=233153Kb
 total_blobs=5198, nmethods=4519, adapters=585, full_count=0
Compilation: enabled, stopped_count=0, restarted_count=0

Compilation events (20 events):
Event: 42.968 Thread 0x000001f24236edf0 4878       3       java.io.BufferedReader::readLine (7 bytes)
Event: 42.969 Thread 0x000001f24236edf0 nmethod 4878 0x000001f26cab7c90 code [0x000001f26cab7e40, 0x000001f26cab7fa8]
Event: 42.969 Thread 0x000001f24236edf0 4879   !   3       java.io.BufferedReader::readLine (72 bytes)
Event: 42.970 Thread 0x000001f24236edf0 nmethod 4879 0x000001f26c9ddc10 code [0x000001f26c9ddea0, 0x000001f26c9decd8]
Event: 42.978 Thread 0x000001f24236edf0 4880       3       sun.reflect.annotation.AnnotationParser::parseSig (62 bytes)
Event: 42.979 Thread 0x000001f24236edf0 nmethod 4880 0x000001f26c832110 code [0x000001f26c832400, 0x000001f26c833460]
Event: 42.984 Thread 0x000001f24236db70 nmethod 4872 0x000001f274358510 code [0x000001f274358740, 0x000001f2743593d8]
Event: 42.984 Thread 0x000001f24236db70 4876       4       jdk.internal.module.SystemModuleFinders$SystemModuleReader::find (59 bytes)
Event: 42.984 Thread 0x000001f24236edf0 4881       3       java.lang.PublicMethods$Key::hashCode (19 bytes)
Event: 42.985 Thread 0x000001f24236edf0 nmethod 4881 0x000001f26caf3810 code [0x000001f26caf39c0, 0x000001f26caf3b50]
Event: 42.992 Thread 0x000001f24236db70 nmethod 4876 0x000001f2742dff90 code [0x000001f2742e0160, 0x000001f2742e0838]
Event: 42.992 Thread 0x000001f24236db70 4884       4       jdk.internal.org.objectweb.asm.SymbolTable::put (150 bytes)
Event: 42.998 Thread 0x000001f24236db70 nmethod 4884 0x000001f2742df690 code [0x000001f2742df840, 0x000001f2742dfcb8]
Event: 42.998 Thread 0x000001f24236db70 4883       4       jdk.internal.org.objectweb.asm.Frame::execute (2305 bytes)
Event: 43.001 Thread 0x000001f24236edf0 4885       3       org.eclipse.osgi.internal.loader.BundleLoader::findLocalResource (9 bytes)
Event: 43.002 Thread 0x000001f24236edf0 nmethod 4885 0x000001f26c974690 code [0x000001f26c974860, 0x000001f26c974b80]
Event: 43.002 Thread 0x000001f24236edf0 4886       3       org.eclipse.osgi.internal.loader.ModuleClassLoader::findLocalResource (9 bytes)
Event: 43.002 Thread 0x000001f24236edf0 nmethod 4886 0x000001f26cb35c10 code [0x000001f26cb35dc0, 0x000001f26cb35f38]
Event: 43.016 Thread 0x000001f24236edf0 4887       3       java.util.IdentityHashMap$IdentityHashMapIterator::hasNext (50 bytes)
Event: 43.016 Thread 0x000001f24236edf0 nmethod 4887 0x000001f26c8e7110 code [0x000001f26c8e72c0, 0x000001f26c8e7508]

GC Heap History (20 events):
Event: 39.580 GC heap before
{Heap before GC invocations=13 (full 1):
 PSYoungGen      total 24064K, used 24032K [0x00000000d5580000, 0x00000000d7180000, 0x0000000100000000)
  eden space 22016K, 100% used [0x00000000d5580000,0x00000000d6b00000,0x00000000d6b00000)
  from space 2048K, 98% used [0x00000000d6d00000,0x00000000d6ef8030,0x00000000d6f00000)
  to   space 2560K, 0% used [0x00000000d6f00000,0x00000000d6f00000,0x00000000d7180000)
 ParOldGen       total 68608K, used 15696K [0x0000000080000000, 0x0000000084300000, 0x00000000d5580000)
  object space 68608K, 22% used [0x0000000080000000,0x0000000080f54250,0x0000000084300000)
 Metaspace       used 33405K, committed 34624K, reserved 1114112K
  class space    used 3486K, committed 4032K, reserved 1048576K
}
Event: 39.586 GC heap after
{Heap after GC invocations=13 (full 1):
 PSYoungGen      total 23040K, used 2530K [0x00000000d5580000, 0x00000000d7600000, 0x0000000100000000)
  eden space 20480K, 0% used [0x00000000d5580000,0x00000000d5580000,0x00000000d6980000)
  from space 2560K, 98% used [0x00000000d6f00000,0x00000000d7178950,0x00000000d7180000)
  to   space 5632K, 0% used [0x00000000d6980000,0x00000000d6980000,0x00000000d6f00000)
 ParOldGen       total 68608K, used 18045K [0x0000000080000000, 0x0000000084300000, 0x00000000d5580000)
  object space 68608K, 26% used [0x0000000080000000,0x000000008119f538,0x0000000084300000)
 Metaspace       used 33405K, committed 34624K, reserved 1114112K
  class space    used 3486K, committed 4032K, reserved 1048576K
}
Event: 39.704 GC heap before
{Heap before GC invocations=14 (full 1):
 PSYoungGen      total 23040K, used 23010K [0x00000000d5580000, 0x00000000d7600000, 0x0000000100000000)
  eden space 20480K, 100% used [0x00000000d5580000,0x00000000d6980000,0x00000000d6980000)
  from space 2560K, 98% used [0x00000000d6f00000,0x00000000d7178950,0x00000000d7180000)
  to   space 5632K, 0% used [0x00000000d6980000,0x00000000d6980000,0x00000000d6f00000)
 ParOldGen       total 68608K, used 18045K [0x0000000080000000, 0x0000000084300000, 0x00000000d5580000)
  object space 68608K, 26% used [0x0000000080000000,0x000000008119f538,0x0000000084300000)
 Metaspace       used 33414K, committed 34624K, reserved 1114112K
  class space    used 3486K, committed 4032K, reserved 1048576K
}
Event: 39.712 GC heap after
{Heap after GC invocations=14 (full 1):
 PSYoungGen      total 22528K, used 1920K [0x00000000d5580000, 0x00000000d6f80000, 0x0000000100000000)
  eden space 20480K, 0% used [0x00000000d5580000,0x00000000d5580000,0x00000000d6980000)
  from space 2048K, 93% used [0x00000000d6980000,0x00000000d6b60010,0x00000000d6b80000)
  to   space 3072K, 0% used [0x00000000d6c80000,0x00000000d6c80000,0x00000000d6f80000)
 ParOldGen       total 68608K, used 20599K [0x0000000080000000, 0x0000000084300000, 0x00000000d5580000)
  object space 68608K, 30% used [0x0000000080000000,0x000000008141de88,0x0000000084300000)
 Metaspace       used 33414K, committed 34624K, reserved 1114112K
  class space    used 3486K, committed 4032K, reserved 1048576K
}
Event: 39.830 GC heap before
{Heap before GC invocations=15 (full 1):
 PSYoungGen      total 22528K, used 22400K [0x00000000d5580000, 0x00000000d6f80000, 0x0000000100000000)
  eden space 20480K, 100% used [0x00000000d5580000,0x00000000d6980000,0x00000000d6980000)
  from space 2048K, 93% used [0x00000000d6980000,0x00000000d6b60010,0x00000000d6b80000)
  to   space 3072K, 0% used [0x00000000d6c80000,0x00000000d6c80000,0x00000000d6f80000)
 ParOldGen       total 68608K, used 20599K [0x0000000080000000, 0x0000000084300000, 0x00000000d5580000)
  object space 68608K, 30% used [0x0000000080000000,0x000000008141de88,0x0000000084300000)
 Metaspace       used 33463K, committed 34688K, reserved 1114112K
  class space    used 3487K, committed 4032K, reserved 1048576K
}
Event: 39.837 GC heap after
{Heap after GC invocations=15 (full 1):
 PSYoungGen      total 23040K, used 2368K [0x00000000d5580000, 0x00000000d6f00000, 0x0000000100000000)
  eden space 20480K, 0% used [0x00000000d5580000,0x00000000d5580000,0x00000000d6980000)
  from space 2560K, 92% used [0x00000000d6c80000,0x00000000d6ed0000,0x00000000d6f00000)
  to   space 2560K, 0% used [0x00000000d6a00000,0x00000000d6a00000,0x00000000d6c80000)
 ParOldGen       total 68608K, used 22415K [0x0000000080000000, 0x0000000084300000, 0x00000000d5580000)
  object space 68608K, 32% used [0x0000000080000000,0x00000000815e3e98,0x0000000084300000)
 Metaspace       used 33463K, committed 34688K, reserved 1114112K
  class space    used 3487K, committed 4032K, reserved 1048576K
}
Event: 39.945 GC heap before
{Heap before GC invocations=16 (full 1):
 PSYoungGen      total 23040K, used 22848K [0x00000000d5580000, 0x00000000d6f00000, 0x0000000100000000)
  eden space 20480K, 100% used [0x00000000d5580000,0x00000000d6980000,0x00000000d6980000)
  from space 2560K, 92% used [0x00000000d6c80000,0x00000000d6ed0000,0x00000000d6f00000)
  to   space 2560K, 0% used [0x00000000d6a00000,0x00000000d6a00000,0x00000000d6c80000)
 ParOldGen       total 68608K, used 22415K [0x0000000080000000, 0x0000000084300000, 0x00000000d5580000)
  object space 68608K, 32% used [0x0000000080000000,0x00000000815e3e98,0x0000000084300000)
 Metaspace       used 33512K, committed 34752K, reserved 1114112K
  class space    used 3487K, committed 4032K, reserved 1048576K
}
Event: 39.952 GC heap after
{Heap after GC invocations=16 (full 1):
 PSYoungGen      total 23040K, used 2372K [0x00000000d5580000, 0x00000000d6e80000, 0x0000000100000000)
  eden space 20480K, 0% used [0x00000000d5580000,0x00000000d5580000,0x00000000d6980000)
  from space 2560K, 92% used [0x00000000d6a00000,0x00000000d6c51000,0x00000000d6c80000)
  to   space 2048K, 0% used [0x00000000d6c80000,0x00000000d6c80000,0x00000000d6e80000)
 ParOldGen       total 68608K, used 24607K [0x0000000080000000, 0x0000000084300000, 0x00000000d5580000)
  object space 68608K, 35% used [0x0000000080000000,0x0000000081807f80,0x0000000084300000)
 Metaspace       used 33512K, committed 34752K, reserved 1114112K
  class space    used 3487K, committed 4032K, reserved 1048576K
}
Event: 40.102 GC heap before
{Heap before GC invocations=17 (full 1):
 PSYoungGen      total 23040K, used 22852K [0x00000000d5580000, 0x00000000d6e80000, 0x0000000100000000)
  eden space 20480K, 100% used [0x00000000d5580000,0x00000000d6980000,0x00000000d6980000)
  from space 2560K, 92% used [0x00000000d6a00000,0x00000000d6c51000,0x00000000d6c80000)
  to   space 2048K, 0% used [0x00000000d6c80000,0x00000000d6c80000,0x00000000d6e80000)
 ParOldGen       total 68608K, used 24607K [0x0000000080000000, 0x0000000084300000, 0x00000000d5580000)
  object space 68608K, 35% used [0x0000000080000000,0x0000000081807f80,0x0000000084300000)
 Metaspace       used 33615K, committed 34816K, reserved 1114112K
  class space    used 3490K, committed 4032K, reserved 1048576K
}
Event: 40.109 GC heap after
{Heap after GC invocations=17 (full 1):
 PSYoungGen      total 20480K, used 2016K [0x00000000d5580000, 0x00000000d7380000, 0x0000000100000000)
  eden space 18432K, 0% used [0x00000000d5580000,0x00000000d5580000,0x00000000d6780000)
  from space 2048K, 98% used [0x00000000d6c80000,0x00000000d6e78010,0x00000000d6e80000)
  to   space 5120K, 0% used [0x00000000d6780000,0x00000000d6780000,0x00000000d6c80000)
 ParOldGen       total 68608K, used 26997K [0x0000000080000000, 0x0000000084300000, 0x00000000d5580000)
  object space 68608K, 39% used [0x0000000080000000,0x0000000081a5d798,0x0000000084300000)
 Metaspace       used 33615K, committed 34816K, reserved 1114112K
  class space    used 3490K, committed 4032K, reserved 1048576K
}
Event: 40.252 GC heap before
{Heap before GC invocations=18 (full 1):
 PSYoungGen      total 20480K, used 20448K [0x00000000d5580000, 0x00000000d7380000, 0x0000000100000000)
  eden space 18432K, 100% used [0x00000000d5580000,0x00000000d6780000,0x00000000d6780000)
  from space 2048K, 98% used [0x00000000d6c80000,0x00000000d6e78010,0x00000000d6e80000)
  to   space 5120K, 0% used [0x00000000d6780000,0x00000000d6780000,0x00000000d6c80000)
 ParOldGen       total 68608K, used 26997K [0x0000000080000000, 0x0000000084300000, 0x00000000d5580000)
  object space 68608K, 39% used [0x0000000080000000,0x0000000081a5d798,0x0000000084300000)
 Metaspace       used 33702K, committed 34944K, reserved 1114112K
  class space    used 3490K, committed 4032K, reserved 1048576K
}
Event: 40.260 GC heap after
{Heap after GC invocations=18 (full 1):
 PSYoungGen      total 20480K, used 1944K [0x00000000d5580000, 0x00000000d6d80000, 0x0000000100000000)
  eden space 18432K, 0% used [0x00000000d5580000,0x00000000d5580000,0x00000000d6780000)
  from space 2048K, 94% used [0x00000000d6780000,0x00000000d6966200,0x00000000d6980000)
  to   space 3072K, 0% used [0x00000000d6a80000,0x00000000d6a80000,0x00000000d6d80000)
 ParOldGen       total 68608K, used 29053K [0x0000000080000000, 0x0000000084300000, 0x00000000d5580000)
  object space 68608K, 42% used [0x0000000080000000,0x0000000081c5f7a8,0x0000000084300000)
 Metaspace       used 33702K, committed 34944K, reserved 1114112K
  class space    used 3490K, committed 4032K, reserved 1048576K
}
Event: 40.373 GC heap before
{Heap before GC invocations=19 (full 1):
 PSYoungGen      total 20480K, used 20376K [0x00000000d5580000, 0x00000000d6d80000, 0x0000000100000000)
  eden space 18432K, 100% used [0x00000000d5580000,0x00000000d6780000,0x00000000d6780000)
  from space 2048K, 94% used [0x00000000d6780000,0x00000000d6966200,0x00000000d6980000)
  to   space 3072K, 0% used [0x00000000d6a80000,0x00000000d6a80000,0x00000000d6d80000)
 ParOldGen       total 68608K, used 29053K [0x0000000080000000, 0x0000000084300000, 0x00000000d5580000)
  object space 68608K, 42% used [0x0000000080000000,0x0000000081c5f7a8,0x0000000084300000)
 Metaspace       used 33781K, committed 35008K, reserved 1114112K
  class space    used 3491K, committed 4032K, reserved 1048576K
}
Event: 40.379 GC heap after
{Heap after GC invocations=19 (full 1):
 PSYoungGen      total 20480K, used 1760K [0x00000000d5580000, 0x00000000d6c80000, 0x0000000100000000)
  eden space 18432K, 0% used [0x00000000d5580000,0x00000000d5580000,0x00000000d6780000)
  from space 2048K, 85% used [0x00000000d6a80000,0x00000000d6c38000,0x00000000d6c80000)
  to   space 2048K, 0% used [0x00000000d6780000,0x00000000d6780000,0x00000000d6980000)
 ParOldGen       total 68608K, used 30870K [0x0000000080000000, 0x0000000084300000, 0x00000000d5580000)
  object space 68608K, 44% used [0x0000000080000000,0x0000000081e259a8,0x0000000084300000)
 Metaspace       used 33781K, committed 35008K, reserved 1114112K
  class space    used 3491K, committed 4032K, reserved 1048576K
}
Event: 40.716 GC heap before
{Heap before GC invocations=20 (full 1):
 PSYoungGen      total 20480K, used 20187K [0x00000000d5580000, 0x00000000d6c80000, 0x0000000100000000)
  eden space 18432K, 99% used [0x00000000d5580000,0x00000000d677ecb0,0x00000000d6780000)
  from space 2048K, 85% used [0x00000000d6a80000,0x00000000d6c38000,0x00000000d6c80000)
  to   space 2048K, 0% used [0x00000000d6780000,0x00000000d6780000,0x00000000d6980000)
 ParOldGen       total 68608K, used 30870K [0x0000000080000000, 0x0000000084300000, 0x00000000d5580000)
  object space 68608K, 44% used [0x0000000080000000,0x0000000081e259a8,0x0000000084300000)
 Metaspace       used 34487K, committed 35712K, reserved 1114112K
  class space    used 3563K, committed 4096K, reserved 1048576K
}
Event: 40.722 GC heap after
{Heap after GC invocations=20 (full 1):
 PSYoungGen      total 20480K, used 864K [0x00000000d5580000, 0x00000000d6b00000, 0x0000000100000000)
  eden space 18432K, 0% used [0x00000000d5580000,0x00000000d5580000,0x00000000d6780000)
  from space 2048K, 42% used [0x00000000d6780000,0x00000000d6858000,0x00000000d6980000)
  to   space 1536K, 0% used [0x00000000d6980000,0x00000000d6980000,0x00000000d6b00000)
 ParOldGen       total 68608K, used 32459K [0x0000000080000000, 0x0000000084300000, 0x00000000d5580000)
  object space 68608K, 47% used [0x0000000080000000,0x0000000081fb2d00,0x0000000084300000)
 Metaspace       used 34487K, committed 35712K, reserved 1114112K
  class space    used 3563K, committed 4096K, reserved 1048576K
}
Event: 40.762 GC heap before
{Heap before GC invocations=21 (full 1):
 PSYoungGen      total 20480K, used 1719K [0x00000000d5580000, 0x00000000d6b00000, 0x0000000100000000)
  eden space 18432K, 4% used [0x00000000d5580000,0x00000000d5655f58,0x00000000d6780000)
  from space 2048K, 42% used [0x00000000d6780000,0x00000000d6858000,0x00000000d6980000)
  to   space 1536K, 0% used [0x00000000d6980000,0x00000000d6980000,0x00000000d6b00000)
 ParOldGen       total 68608K, used 32459K [0x0000000080000000, 0x0000000084300000, 0x00000000d5580000)
  object space 68608K, 47% used [0x0000000080000000,0x0000000081fb2d00,0x0000000084300000)
 Metaspace       used 34621K, committed 35840K, reserved 1114112K
  class space    used 3596K, committed 4160K, reserved 1048576K
}
Event: 40.765 GC heap after
{Heap after GC invocations=21 (full 1):
 PSYoungGen      total 18944K, used 160K [0x00000000d5580000, 0x00000000d6a00000, 0x0000000100000000)
  eden space 18432K, 0% used [0x00000000d5580000,0x00000000d5580000,0x00000000d6780000)
  from space 512K, 31% used [0x00000000d6980000,0x00000000d69a8000,0x00000000d6a00000)
  to   space 512K, 0% used [0x00000000d6900000,0x00000000d6900000,0x00000000d6980000)
 ParOldGen       total 68608K, used 33136K [0x0000000080000000, 0x0000000084300000, 0x00000000d5580000)
  object space 68608K, 48% used [0x0000000080000000,0x000000008205c3d0,0x0000000084300000)
 Metaspace       used 34621K, committed 35840K, reserved 1114112K
  class space    used 3596K, committed 4160K, reserved 1048576K
}
Event: 40.765 GC heap before
{Heap before GC invocations=22 (full 2):
 PSYoungGen      total 18944K, used 160K [0x00000000d5580000, 0x00000000d6a00000, 0x0000000100000000)
  eden space 18432K, 0% used [0x00000000d5580000,0x00000000d5580000,0x00000000d6780000)
  from space 512K, 31% used [0x00000000d6980000,0x00000000d69a8000,0x00000000d6a00000)
  to   space 512K, 0% used [0x00000000d6900000,0x00000000d6900000,0x00000000d6980000)
 ParOldGen       total 68608K, used 33136K [0x0000000080000000, 0x0000000084300000, 0x00000000d5580000)
  object space 68608K, 48% used [0x0000000080000000,0x000000008205c3d0,0x0000000084300000)
 Metaspace       used 34621K, committed 35840K, reserved 1114112K
  class space    used 3596K, committed 4160K, reserved 1048576K
}
Event: 40.934 GC heap after
{Heap after GC invocations=22 (full 2):
 PSYoungGen      total 18944K, used 0K [0x00000000d5580000, 0x00000000d6a00000, 0x0000000100000000)
  eden space 18432K, 0% used [0x00000000d5580000,0x00000000d5580000,0x00000000d6780000)
  from space 512K, 0% used [0x00000000d6980000,0x00000000d6980000,0x00000000d6a00000)
  to   space 512K, 0% used [0x00000000d6900000,0x00000000d6900000,0x00000000d6980000)
 ParOldGen       total 68608K, used 28439K [0x0000000080000000, 0x0000000084300000, 0x00000000d5580000)
  object space 68608K, 41% used [0x0000000080000000,0x0000000081bc5d30,0x0000000084300000)
 Metaspace       used 34213K, committed 35840K, reserved 1114112K
  class space    used 3479K, committed 4160K, reserved 1048576K
}

Dll operation events (10 events):
Event: 1.980 Loaded shared library c:\Users\LENOVO\.vscode\extensions\redhat.java-1.55.0-win32-x64\jre\21.0.11-win32-x86_64\bin\java.dll
Event: 3.270 Loaded shared library c:\Users\LENOVO\.vscode\extensions\redhat.java-1.55.0-win32-x64\jre\21.0.11-win32-x86_64\bin\zip.dll
Event: 3.353 Loaded shared library C:\Users\LENOVO\.vscode\extensions\redhat.java-1.55.0-win32-x64\jre\21.0.11-win32-x86_64\bin\instrument.dll
Event: 4.104 Loaded shared library C:\Users\LENOVO\.vscode\extensions\redhat.java-1.55.0-win32-x64\jre\21.0.11-win32-x86_64\bin\net.dll
Event: 4.618 Loaded shared library C:\Users\LENOVO\.vscode\extensions\redhat.java-1.55.0-win32-x64\jre\21.0.11-win32-x86_64\bin\nio.dll
Event: 4.629 Loaded shared library C:\Users\LENOVO\.vscode\extensions\redhat.java-1.55.0-win32-x64\jre\21.0.11-win32-x86_64\bin\zip.dll
Event: 4.700 Loaded shared library C:\Users\LENOVO\.vscode\extensions\redhat.java-1.55.0-win32-x64\jre\21.0.11-win32-x86_64\bin\jimage.dll
Event: 5.237 Loaded shared library c:\Users\LENOVO\.vscode\extensions\redhat.java-1.55.0-win32-x64\jre\21.0.11-win32-x86_64\bin\verify.dll
Event: 23.726 Loaded shared library C:\Users\LENOVO\AppData\Roaming\Code\User\globalStorage\redhat.java\1.55.0\config_ss_win\org.eclipse.equinox.launcher\org.eclipse.equinox.launcher.win32.win32.x86_64_1.3.100.v20260613-0559\eclipse_11924.dll
Event: 26.320 Loaded shared library C:\Users\LENOVO\AppData\Local\Temp\jna--2053026509\jna6500426486652160624.dll

Deoptimization events (20 events):
Event: 41.460 Thread 0x000001f24841fa70 DEOPT PACKING pc=0x000001f26c83d926 sp=0x0000005b74efd4d0
Event: 41.460 Thread 0x000001f24841fa70 DEOPT UNPACKING pc=0x000001f273d84242 sp=0x0000005b74efc9c0 mode 0
Event: 41.672 Thread 0x000001f24841fa70 Uncommon trap: trap_request=0xffffff45 fr.pc=0x000001f274405d10 relative=0x0000000000000fb0
Event: 41.672 Thread 0x000001f24841fa70 Uncommon trap: reason=unstable_if action=reinterpret pc=0x000001f274405d10 method=jdk.internal.jimage.ImageStringsReader.stringFromByteBufferMatches(Ljava/nio/ByteBuffer;ILjava/lang/String;I)I @ 48 c2
Event: 41.672 Thread 0x000001f24841fa70 DEOPT PACKING pc=0x000001f274405d10 sp=0x0000005b74efc230
Event: 41.672 Thread 0x000001f24841fa70 DEOPT UNPACKING pc=0x000001f273d83aa2 sp=0x0000005b74efbf68 mode 2
Event: 41.735 Thread 0x000001f24841fa70 DEOPT PACKING pc=0x000001f26cd64d8d sp=0x0000005b74efc300
Event: 41.735 Thread 0x000001f24841fa70 DEOPT UNPACKING pc=0x000001f273d84242 sp=0x0000005b74efb7b0 mode 0
Event: 41.740 Thread 0x000001f24841fa70 DEOPT PACKING pc=0x000001f26cd64d8d sp=0x0000005b74efc590
Event: 41.740 Thread 0x000001f24841fa70 DEOPT UNPACKING pc=0x000001f273d84242 sp=0x0000005b74efba40 mode 0
Event: 41.775 Thread 0x000001f24841fa70 DEOPT PACKING pc=0x000001f26cd64d8d sp=0x0000005b74ef8d30
Event: 41.775 Thread 0x000001f24841fa70 DEOPT UNPACKING pc=0x000001f273d84242 sp=0x0000005b74ef81e0 mode 0
Event: 41.809 Thread 0x000001f24841fa70 DEOPT PACKING pc=0x000001f26c8a71f8 sp=0x0000005b74ef8880
Event: 41.810 Thread 0x000001f24841fa70 DEOPT UNPACKING pc=0x000001f273d84242 sp=0x0000005b74ef7d68 mode 0
Event: 41.811 Thread 0x000001f24841fa70 DEOPT PACKING pc=0x000001f26cd64d8d sp=0x0000005b74ef8d30
Event: 41.811 Thread 0x000001f24841fa70 DEOPT UNPACKING pc=0x000001f273d84242 sp=0x0000005b74ef81e0 mode 0
Event: 42.810 Thread 0x000001f24841fa70 DEOPT PACKING pc=0x000001f26cd64d8d sp=0x0000005b74ef8d30
Event: 42.810 Thread 0x000001f24841fa70 DEOPT UNPACKING pc=0x000001f273d84242 sp=0x0000005b74ef81e0 mode 0
Event: 42.846 Thread 0x000001f24841fa70 DEOPT PACKING pc=0x000001f26c8a71f8 sp=0x0000005b74ef8880
Event: 42.846 Thread 0x000001f24841fa70 DEOPT UNPACKING pc=0x000001f273d84242 sp=0x0000005b74ef7d68 mode 0

Classes loaded (20 events):
Event: 39.435 Loading class java/lang/invoke/MethodHandleImpl$CountingWrapper
Event: 39.437 Loading class java/lang/invoke/MethodHandleImpl$CountingWrapper done
Event: 39.517 Loading class java/nio/channels/Channels$ReadableByteChannelImpl
Event: 39.518 Loading class java/nio/channels/Channels$ReadableByteChannelImpl done
Event: 39.519 Loading class java/nio/channels/NonWritableChannelException
Event: 39.519 Loading class java/nio/channels/NonWritableChannelException done
Event: 39.768 Loading class java/lang/invoke/MethodHandleImpl$CountingWrapper$1
Event: 39.770 Loading class java/lang/invoke/MethodHandleImpl$CountingWrapper$1 done
Event: 40.442 Loading class sun/reflect/misc/ReflectUtil
Event: 40.444 Loading class sun/reflect/misc/ReflectUtil done
Event: 40.450 Loading class java/io/FileReader
Event: 40.452 Loading class java/io/FileReader done
Event: 40.458 Loading class java/lang/UnsupportedClassVersionError
Event: 40.459 Loading class java/lang/UnsupportedClassVersionError done
Event: 40.591 Loading class java/lang/ExceptionInInitializerError
Event: 40.594 Loading class java/lang/ExceptionInInitializerError done
Event: 41.363 Loading class sun/misc/Unsafe
Event: 41.365 Loading class sun/misc/Unsafe done
Event: 42.951 Loading class java/util/Vector$1
Event: 42.952 Loading class java/util/Vector$1 done

Classes unloaded (20 events):
Event: 40.784 Thread 0x000001f269594540 Unloading class 0x000001f2013a3400 'java/lang/invoke/LambdaForm$MH+0x000001f2013a3400'
Event: 40.784 Thread 0x000001f269594540 Unloading class 0x000001f2013a3000 'java/lang/invoke/LambdaForm$MH+0x000001f2013a3000'
Event: 40.784 Thread 0x000001f269594540 Unloading class 0x000001f2013a2c00 'java/lang/invoke/LambdaForm$MH+0x000001f2013a2c00'
Event: 40.784 Thread 0x000001f269594540 Unloading class 0x000001f2013a2800 'java/lang/invoke/LambdaForm$MH+0x000001f2013a2800'
Event: 40.784 Thread 0x000001f269594540 Unloading class 0x000001f2013a2400 'java/lang/invoke/LambdaForm$MH+0x000001f2013a2400'
Event: 40.784 Thread 0x000001f269594540 Unloading class 0x000001f2013a2000 'java/lang/invoke/LambdaForm$MH+0x000001f2013a2000'
Event: 40.784 Thread 0x000001f269594540 Unloading class 0x000001f2013a1c00 'java/lang/invoke/LambdaForm$MH+0x000001f2013a1c00'
Event: 40.784 Thread 0x000001f269594540 Unloading class 0x000001f2013a1800 'java/lang/invoke/LambdaForm$MH+0x000001f2013a1800'
Event: 40.784 Thread 0x000001f269594540 Unloading class 0x000001f2013a1400 'java/lang/invoke/LambdaForm$MH+0x000001f2013a1400'
Event: 40.784 Thread 0x000001f269594540 Unloading class 0x000001f2013a1000 'java/lang/invoke/LambdaForm$MH+0x000001f2013a1000'
Event: 40.784 Thread 0x000001f269594540 Unloading class 0x000001f2013a0400 'java/lang/invoke/LambdaForm$DMH+0x000001f2013a0400'
Event: 40.784 Thread 0x000001f269594540 Unloading class 0x000001f2013a0800 'java/lang/invoke/LambdaForm$DMH+0x000001f2013a0800'
Event: 40.784 Thread 0x000001f269594540 Unloading class 0x000001f2013a0000 'java/lang/invoke/LambdaForm$DMH+0x000001f2013a0000'
Event: 40.784 Thread 0x000001f269594540 Unloading class 0x000001f20139dc00 'java/lang/invoke/LambdaForm$DMH+0x000001f20139dc00'
Event: 40.784 Thread 0x000001f269594540 Unloading class 0x000001f20139d800 'java/lang/invoke/LambdaForm$DMH+0x000001f20139d800'
Event: 40.784 Thread 0x000001f269594540 Unloading class 0x000001f20139d400 'java/lang/invoke/LambdaForm$DMH+0x000001f20139d400'
Event: 40.784 Thread 0x000001f269594540 Unloading class 0x000001f20139d000 'java/lang/invoke/LambdaForm$DMH+0x000001f20139d000'
Event: 40.784 Thread 0x000001f269594540 Unloading class 0x000001f20139cc00 'java/lang/invoke/LambdaForm$DMH+0x000001f20139cc00'
Event: 40.784 Thread 0x000001f269594540 Unloading class 0x000001f20139c400 'java/lang/invoke/LambdaForm$DMH+0x000001f20139c400'
Event: 40.784 Thread 0x000001f269594540 Unloading class 0x000001f20139c800 'java/lang/invoke/LambdaForm$DMH+0x000001f20139c800'

Classes redefined (0 events):
No events

Internal exceptions (20 events):
Event: 39.433 Thread 0x000001f24841fa70 Exception <a 'java/lang/NoSuchMethodError'{0x00000000d62a0080}: 'java.lang.Object java.lang.invoke.DelegatingMethodHandle$Holder.delegate(java.lang.Object, int, java.lang.Object, java.lang.Object)'> (0x00000000d62a0080) 
thrown [s\src\hotspot\share\interpreter\linkResolver.cpp, line 773]
Event: 39.434 Thread 0x000001f24852ccc0 Exception <a 'java/lang/NoSuchMethodError'{0x00000000d63abcf0}: 'java.lang.Object java.lang.invoke.DelegatingMethodHandle$Holder.delegate(java.lang.Object, int, java.lang.Object, java.lang.Object)'> (0x00000000d63abcf0) 
thrown [s\src\hotspot\share\interpreter\linkResolver.cpp, line 773]
Event: 39.434 Thread 0x000001f24852c630 Exception <a 'java/lang/NoSuchMethodError'{0x00000000d63a8218}: 'java.lang.Object java.lang.invoke.DelegatingMethodHandle$Holder.delegate(java.lang.Object, int, java.lang.Object, java.lang.Object)'> (0x00000000d63a8218) 
thrown [s\src\hotspot\share\interpreter\linkResolver.cpp, line 773]
Event: 39.434 Thread 0x000001f24852b910 Exception <a 'java/lang/NoSuchMethodError'{0x00000000d63b78e0}: 'java.lang.Object java.lang.invoke.DelegatingMethodHandle$Holder.delegate(java.lang.Object, int, java.lang.Object, java.lang.Object)'> (0x00000000d63b78e0) 
thrown [s\src\hotspot\share\interpreter\linkResolver.cpp, line 773]
Event: 39.434 Thread 0x000001f24852d9e0 Exception <a 'java/lang/NoSuchMethodError'{0x00000000d639d108}: 'java.lang.Object java.lang.invoke.DelegatingMethodHandle$Holder.delegate(java.lang.Object, int, java.lang.Object, java.lang.Object)'> (0x00000000d639d108) 
thrown [s\src\hotspot\share\interpreter\linkResolver.cpp, line 773]
Event: 39.434 Thread 0x000001f24841f3e0 Exception <a 'java/lang/NoSuchMethodError'{0x00000000d63ae180}: 'java.lang.Object java.lang.invoke.DelegatingMethodHandle$Holder.delegate(java.lang.Object, int, java.lang.Object, java.lang.Object)'> (0x00000000d63ae180) 
thrown [s\src\hotspot\share\interpreter\linkResolver.cpp, line 773]
Event: 39.434 Thread 0x000001f24852e070 Exception <a 'java/lang/NoSuchMethodError'{0x00000000d63a4470}: 'java.lang.Object java.lang.invoke.DelegatingMethodHandle$Holder.delegate(java.lang.Object, int, java.lang.Object, java.lang.Object)'> (0x00000000d63a4470) 
thrown [s\src\hotspot\share\interpreter\linkResolver.cpp, line 773]
Event: 39.435 Thread 0x000001f24852e700 Exception <a 'java/lang/NoSuchMethodError'{0x00000000d63bb968}: 'java.lang.Object java.lang.invoke.DelegatingMethodHandle$Holder.delegate(java.lang.Object, int, java.lang.Object, java.lang.Object)'> (0x00000000d63bb968) 
thrown [s\src\hotspot\share\interpreter\linkResolver.cpp, line 773]
Event: 39.449 Thread 0x000001f24841f3e0 Exception <a 'java/lang/NoSuchMethodError'{0x00000000d6467750}: 'int java.lang.invoke.Invokers$Holder.linkToTargetMethod(java.lang.Object, java.lang.Object, java.lang.Object)'> (0x00000000d6467750) 
thrown [s\src\hotspot\share\interpreter\linkResolver.cpp, line 773]
Event: 39.449 Thread 0x000001f24852e070 Exception <a 'java/lang/NoSuchMethodError'{0x00000000d645d7f0}: 'int java.lang.invoke.Invokers$Holder.linkToTargetMethod(java.lang.Object, java.lang.Object, java.lang.Object)'> (0x00000000d645d7f0) 
thrown [s\src\hotspot\share\interpreter\linkResolver.cpp, line 773]
Event: 39.449 Thread 0x000001f24852b910 Exception <a 'java/lang/NoSuchMethodError'{0x00000000d6461008}: 'int java.lang.invoke.Invokers$Holder.linkToTargetMethod(java.lang.Object, java.lang.Object, java.lang.Object)'> (0x00000000d6461008) 
thrown [s\src\hotspot\share\interpreter\linkResolver.cpp, line 773]
Event: 39.449 Thread 0x000001f24852ed90 Exception <a 'java/lang/NoSuchMethodError'{0x00000000d646ec50}: 'int java.lang.invoke.Invokers$Holder.linkToTargetMethod(java.lang.Object, java.lang.Object, java.lang.Object)'> (0x00000000d646ec50) 
thrown [s\src\hotspot\share\interpreter\linkResolver.cpp, line 773]
Event: 39.449 Thread 0x000001f24852d9e0 Exception <a 'java/lang/NoSuchMethodError'{0x00000000d646b210}: 'int java.lang.invoke.Invokers$Holder.linkToTargetMethod(java.lang.Object, java.lang.Object, java.lang.Object)'> (0x00000000d646b210) 
thrown [s\src\hotspot\share\interpreter\linkResolver.cpp, line 773]
Event: 39.449 Thread 0x000001f24852ccc0 Exception <a 'java/lang/NoSuchMethodError'{0x00000000d64642a0}: 'int java.lang.invoke.Invokers$Holder.linkToTargetMethod(java.lang.Object, java.lang.Object, java.lang.Object)'> (0x00000000d64642a0) 
thrown [s\src\hotspot\share\interpreter\linkResolver.cpp, line 773]
Event: 39.449 Thread 0x000001f24852e700 Exception <a 'java/lang/NoSuchMethodError'{0x00000000d6459c90}: 'int java.lang.invoke.Invokers$Holder.linkToTargetMethod(java.lang.Object, java.lang.Object, java.lang.Object)'> (0x00000000d6459c90) 
thrown [s\src\hotspot\share\interpreter\linkResolver.cpp, line 773]
Event: 39.449 Thread 0x000001f24852d350 Exception <a 'java/lang/NoSuchMethodError'{0x00000000d643b2f8}: 'int java.lang.invoke.Invokers$Holder.linkToTargetMethod(java.lang.Object, java.lang.Object, java.lang.Object)'> (0x00000000d643b2f8) 
thrown [s\src\hotspot\share\interpreter\linkResolver.cpp, line 773]
Event: 39.449 Thread 0x000001f24841ed50 Exception <a 'java/lang/NoSuchMethodError'{0x00000000d644b1c8}: 'int java.lang.invoke.Invokers$Holder.linkToTargetMethod(java.lang.Object, java.lang.Object, java.lang.Object)'> (0x00000000d644b1c8) 
thrown [s\src\hotspot\share\interpreter\linkResolver.cpp, line 773]
Event: 39.449 Thread 0x000001f24852c630 Exception <a 'java/lang/NoSuchMethodError'{0x00000000d6441cf0}: 'int java.lang.invoke.Invokers$Holder.linkToTargetMethod(java.lang.Object, java.lang.Object, java.lang.Object)'> (0x00000000d6441cf0) 
thrown [s\src\hotspot\share\interpreter\linkResolver.cpp, line 773]
Event: 39.449 Thread 0x000001f24841fa70 Exception <a 'java/lang/NoSuchMethodError'{0x00000000d63d79b8}: 'int java.lang.invoke.Invokers$Holder.linkToTargetMethod(java.lang.Object, java.lang.Object, java.lang.Object)'> (0x00000000d63d79b8) 
thrown [s\src\hotspot\share\interpreter\linkResolver.cpp, line 773]
Event: 40.482 Thread 0x000001f24841fa70 Exception <a 'java/lang/NoSuchMethodError'{0x00000000d5ec09a8}: 'int java.lang.invoke.Invokers$Holder.invokeExact_MT(java.lang.Object, java.lang.Object)'> (0x00000000d5ec09a8) 
thrown [s\src\hotspot\share\interpreter\linkResolver.cpp, line 773]

ZGC Phase Switch (0 events):
No events

VM Operations (20 events):
Event: 39.945 Executing safepoint VM operation: ParallelGCFailedAllocation (Allocation Failure)
Event: 39.952 Executing safepoint VM operation: ParallelGCFailedAllocation (Allocation Failure) done
Event: 40.102 Executing safepoint VM operation: ParallelGCFailedAllocation (Allocation Failure)
Event: 40.109 Executing safepoint VM operation: ParallelGCFailedAllocation (Allocation Failure) done
Event: 40.252 Executing safepoint VM operation: ParallelGCFailedAllocation (Allocation Failure)
Event: 40.260 Executing safepoint VM operation: ParallelGCFailedAllocation (Allocation Failure) done
Event: 40.373 Executing safepoint VM operation: ParallelGCFailedAllocation (Allocation Failure)
Event: 40.379 Executing safepoint VM operation: ParallelGCFailedAllocation (Allocation Failure) done
Event: 40.428 Executing non-safepoint VM operation: HandshakeAllThreads (Deoptimize)
Event: 40.433 Executing non-safepoint VM operation: HandshakeAllThreads (Deoptimize) done
Event: 40.435 Executing non-safepoint VM operation: HandshakeAllThreads (Deoptimize)
Event: 40.436 Executing non-safepoint VM operation: HandshakeAllThreads (Deoptimize) done
Event: 40.716 Executing safepoint VM operation: ParallelGCFailedAllocation (Allocation Failure)
Event: 40.722 Executing safepoint VM operation: ParallelGCFailedAllocation (Allocation Failure) done
Event: 40.762 Executing safepoint VM operation: CollectForMetadataAllocation (Metadata GC Threshold)
Event: 40.934 Executing safepoint VM operation: CollectForMetadataAllocation (Metadata GC Threshold) done
Event: 41.949 Executing safepoint VM operation: Cleanup
Event: 42.787 Executing safepoint VM operation: Cleanup done
Event: 43.801 Executing safepoint VM operation: Cleanup
Event: 43.801 Executing safepoint VM operation: Cleanup done

Memory protections (0 events):
No events

Nmethod flushes (20 events):
Event: 40.819 Thread 0x000001f269594540 flushing  nmethod 0x000001f26cb02790
Event: 40.819 Thread 0x000001f269594540 flushing  nmethod 0x000001f26cb02b10
Event: 40.819 Thread 0x000001f269594540 flushing  nmethod 0x000001f26cb0cf90
Event: 40.819 Thread 0x000001f269594540 flushing  nmethod 0x000001f26cb30090
Event: 40.819 Thread 0x000001f269594540 flushing  nmethod 0x000001f26cb35c10
Event: 40.819 Thread 0x000001f269594540 flushing  nmethod 0x000001f26cb3a110
Event: 40.819 Thread 0x000001f269594540 flushing  nmethod 0x000001f26cb80510
Event: 40.819 Thread 0x000001f269594540 flushing  nmethod 0x000001f26cb89910
Event: 40.819 Thread 0x000001f269594540 flushing  nmethod 0x000001f26cb90290
Event: 40.819 Thread 0x000001f269594540 flushing  nmethod 0x000001f26cb96f10
Event: 40.819 Thread 0x000001f269594540 flushing  nmethod 0x000001f26cc42010
Event: 40.819 Thread 0x000001f269594540 flushing  nmethod 0x000001f26cc66810
Event: 40.819 Thread 0x000001f269594540 flushing  nmethod 0x000001f26cc67210
Event: 40.819 Thread 0x000001f269594540 flushing  nmethod 0x000001f26cc6c510
Event: 40.819 Thread 0x000001f269594540 flushing  nmethod 0x000001f26cca1110
Event: 40.819 Thread 0x000001f269594540 flushing  nmethod 0x000001f26ccd7b90
Event: 40.819 Thread 0x000001f269594540 flushing  nmethod 0x000001f26ccd8410
Event: 40.819 Thread 0x000001f269594540 flushing  nmethod 0x000001f26ccd8810
Event: 40.819 Thread 0x000001f269594540 flushing  nmethod 0x000001f26ccd9190
Event: 40.819 Thread 0x000001f269594540 flushing  nmethod 0x000001f26ccf4090

Events (20 events):
Event: 29.453 Thread 0x000001f2696155b0 Thread added: 0x000001f24841cc80
Event: 29.453 Thread 0x000001f2696155b0 Thread added: 0x000001f24841a520
Event: 29.453 Thread 0x000001f2696155b0 Thread added: 0x000001f248420790
Event: 29.454 Thread 0x000001f2696155b0 Thread added: 0x000001f248420100
Event: 29.506 Thread 0x000001f2696155b0 Thread added: 0x000001f248420e20
Event: 29.837 Thread 0x000001f24800a1c0 Thread added: 0x000001f2484214b0
Event: 29.976 Thread 0x000001f2696155b0 Thread added: 0x000001f24841e030
Event: 29.977 Thread 0x000001f2696155b0 Thread added: 0x000001f24841fa70
Event: 35.058 Thread 0x000001f242404c70 Thread exited: 0x000001f242404c70
Event: 38.110 Thread 0x000001f24841fa70 Thread added: 0x000001f24841e6c0
Event: 38.195 Thread 0x000001f24841fa70 Thread added: 0x000001f24841ed50
Event: 38.257 Thread 0x000001f24841fa70 Thread added: 0x000001f24841f3e0
Event: 38.265 Thread 0x000001f24841fa70 Thread added: 0x000001f24852ccc0
Event: 38.283 Thread 0x000001f24841fa70 Thread added: 0x000001f24852d350
Event: 38.293 Thread 0x000001f24841fa70 Thread added: 0x000001f24852d9e0
Event: 38.307 Thread 0x000001f24841fa70 Thread added: 0x000001f24852c630
Event: 38.349 Thread 0x000001f24841fa70 Thread added: 0x000001f24852e070
Event: 38.355 Thread 0x000001f24841fa70 Thread added: 0x000001f24852e700
Event: 38.364 Thread 0x000001f24841fa70 Thread added: 0x000001f24852ed90
Event: 38.385 Thread 0x000001f24852ed90 Thread added: 0x000001f24852b910


Dynamic libraries:
0x00007ff650e80000 - 0x00007ff650e8e000 	c:\Users\LENOVO\.vscode\extensions\redhat.java-1.55.0-win32-x64\jre\21.0.11-win32-x86_64\bin\java.exe
0x00007ff8759e0000 - 0x00007ff875c46000 	C:\WINDOWS\SYSTEM32\ntdll.dll
0x00007ff874f20000 - 0x00007ff874fe9000 	C:\WINDOWS\System32\KERNEL32.DLL
0x00007ff872ef0000 - 0x00007ff8732f0000 	C:\WINDOWS\System32\KERNELBASE.dll
0x00007ff86fb30000 - 0x00007ff86fbd0000 	C:\WINDOWS\SYSTEM32\apphelp.dll
0x00007ff8733c0000 - 0x00007ff87350c000 	C:\WINDOWS\System32\ucrtbase.dll
0x00007ff869f30000 - 0x00007ff869f4e000 	c:\Users\LENOVO\.vscode\extensions\redhat.java-1.55.0-win32-x64\jre\21.0.11-win32-x86_64\bin\VCRUNTIME140.dll
0x00007ff8693d0000 - 0x00007ff8693e8000 	c:\Users\LENOVO\.vscode\extensions\redhat.java-1.55.0-win32-x64\jre\21.0.11-win32-x86_64\bin\jli.dll
0x00007ff874370000 - 0x00007ff874537000 	C:\WINDOWS\System32\USER32.dll
0x00007ff860050000 - 0x00007ff8602e2000 	C:\WINDOWS\WinSxS\amd64_microsoft.windows.common-controls_6595b64144ccf1df_6.0.26100.8737_none_3e092eaee333b772\COMCTL32.dll
0x00007ff875820000 - 0x00007ff8758c9000 	C:\WINDOWS\System32\msvcrt.dll
0x00007ff872ec0000 - 0x00007ff872ee7000 	C:\WINDOWS\System32\win32u.dll
0x00007ff875960000 - 0x00007ff87598b000 	C:\WINDOWS\System32\GDI32.dll
0x00007ff873520000 - 0x00007ff873649000 	C:\WINDOWS\System32\gdi32full.dll
0x00007ff872c00000 - 0x00007ff872ca3000 	C:\WINDOWS\System32\msvcp_win.dll
0x00007ff874740000 - 0x00007ff874772000 	C:\WINDOWS\System32\IMM32.DLL
0x00007ff86a030000 - 0x00007ff86a03c000 	c:\Users\LENOVO\.vscode\extensions\redhat.java-1.55.0-win32-x64\jre\21.0.11-win32-x86_64\bin\vcruntime140_1.dll
0x00007ff856590000 - 0x00007ff85661d000 	c:\Users\LENOVO\.vscode\extensions\redhat.java-1.55.0-win32-x64\jre\21.0.11-win32-x86_64\bin\msvcp140.dll
0x00007fffd8310000 - 0x00007fffd90b2000 	c:\Users\LENOVO\.vscode\extensions\redhat.java-1.55.0-win32-x64\jre\21.0.11-win32-x86_64\bin\server\jvm.dll
0x00007ff8755c0000 - 0x00007ff875677000 	C:\WINDOWS\System32\ADVAPI32.dll
0x00007ff875380000 - 0x00007ff87542a000 	C:\WINDOWS\System32\sechost.dll
0x00007ff873d30000 - 0x00007ff873e48000 	C:\WINDOWS\System32\RPCRT4.dll
0x00007ff8758d0000 - 0x00007ff875950000 	C:\WINDOWS\System32\WS2_32.dll
0x00007ff872a60000 - 0x00007ff872abe000 	C:\WINDOWS\SYSTEM32\POWRPROF.dll
0x00007ff86b040000 - 0x00007ff86b076000 	C:\WINDOWS\SYSTEM32\WINMM.dll
0x00007ff86bc60000 - 0x00007ff86bc6b000 	C:\WINDOWS\SYSTEM32\VERSION.dll
0x00007ff872a40000 - 0x00007ff872a54000 	C:\WINDOWS\SYSTEM32\UMPDC.dll
0x00007ff8718e0000 - 0x00007ff8718fb000 	C:\WINDOWS\SYSTEM32\kernel.appcore.dll
0x00007ff869f20000 - 0x00007ff869f2a000 	c:\Users\LENOVO\.vscode\extensions\redhat.java-1.55.0-win32-x64\jre\21.0.11-win32-x86_64\bin\jimage.dll
0x00007ff866520000 - 0x00007ff866762000 	C:\WINDOWS\SYSTEM32\DBGHELP.DLL
0x00007ff874ff0000 - 0x00007ff875373000 	C:\WINDOWS\System32\combase.dll
0x00007ff873a30000 - 0x00007ff873b09000 	C:\WINDOWS\System32\OLEAUT32.dll
0x00007ff85f3d0000 - 0x00007ff85f40b000 	C:\WINDOWS\SYSTEM32\dbgcore.DLL
0x00007ff873650000 - 0x00007ff8736fc000 	C:\WINDOWS\System32\bcryptPrimitives.dll
0x00007ff8693c0000 - 0x00007ff8693cf000 	c:\Users\LENOVO\.vscode\extensions\redhat.java-1.55.0-win32-x64\jre\21.0.11-win32-x86_64\bin\instrument.dll
0x00007ff85c420000 - 0x00007ff85c440000 	c:\Users\LENOVO\.vscode\extensions\redhat.java-1.55.0-win32-x64\jre\21.0.11-win32-x86_64\bin\java.dll
0x00007ff874780000 - 0x00007ff874f12000 	C:\WINDOWS\System32\SHELL32.dll
0x00007ff8706e0000 - 0x00007ff870f72000 	C:\WINDOWS\SYSTEM32\windows.storage.dll
0x00007ff873b70000 - 0x00007ff873c67000 	C:\WINDOWS\System32\SHCORE.dll
0x00007ff873850000 - 0x00007ff8738b7000 	C:\WINDOWS\System32\shlwapi.dll
0x00007ff872b20000 - 0x00007ff872b49000 	C:\WINDOWS\SYSTEM32\profapi.dll
0x00007ff85c400000 - 0x00007ff85c418000 	c:\Users\LENOVO\.vscode\extensions\redhat.java-1.55.0-win32-x64\jre\21.0.11-win32-x86_64\bin\zip.dll
0x00007ff8692b0000 - 0x00007ff8692c0000 	C:\Users\LENOVO\.vscode\extensions\redhat.java-1.55.0-win32-x64\jre\21.0.11-win32-x86_64\bin\net.dll
0x00007ff86a5d0000 - 0x00007ff86a6f9000 	C:\WINDOWS\SYSTEM32\WINHTTP.dll
0x00007ff871e90000 - 0x00007ff871efc000 	C:\WINDOWS\system32\mswsock.dll
0x00007ff856570000 - 0x00007ff856586000 	C:\Users\LENOVO\.vscode\extensions\redhat.java-1.55.0-win32-x64\jre\21.0.11-win32-x86_64\bin\nio.dll
0x00007ff866050000 - 0x00007ff866060000 	c:\Users\LENOVO\.vscode\extensions\redhat.java-1.55.0-win32-x64\jre\21.0.11-win32-x86_64\bin\verify.dll
0x00007ff856520000 - 0x00007ff856565000 	C:\Users\LENOVO\AppData\Roaming\Code\User\globalStorage\redhat.java\1.55.0\config_ss_win\org.eclipse.equinox.launcher\org.eclipse.equinox.launcher.win32.win32.x86_64_1.3.100.v20260613-0559\eclipse_11924.dll
0x00007ff875680000 - 0x00007ff875819000 	C:\WINDOWS\System32\ole32.dll
0x00007ff8721b0000 - 0x00007ff8721cb000 	C:\WINDOWS\SYSTEM32\CRYPTSP.dll
0x00007ff871840000 - 0x00007ff871879000 	C:\WINDOWS\system32\rsaenh.dll
0x00007ff871f50000 - 0x00007ff871f82000 	C:\WINDOWS\SYSTEM32\USERENV.dll
0x00007ff872af0000 - 0x00007ff872b1a000 	C:\WINDOWS\SYSTEM32\bcrypt.dll
0x00007ff872190000 - 0x00007ff87219c000 	C:\WINDOWS\SYSTEM32\CRYPTBASE.dll
0x00007ff8712b0000 - 0x00007ff8712e3000 	C:\WINDOWS\SYSTEM32\IPHLPAPI.DLL
0x00007ff874730000 - 0x00007ff87473a000 	C:\WINDOWS\System32\NSI.dll
0x00007ff835b90000 - 0x00007ff835bd9000 	C:\Users\LENOVO\AppData\Local\Temp\jna--2053026509\jna6500426486652160624.dll
0x00007ff874720000 - 0x00007ff874728000 	C:\WINDOWS\System32\PSAPI.DLL
0x00007ff86ad00000 - 0x00007ff86ad1d000 	C:\WINDOWS\SYSTEM32\dhcpcsvc6.DLL
0x00007ff86a1e0000 - 0x00007ff86a205000 	C:\WINDOWS\SYSTEM32\dhcpcsvc.DLL

JVMTI agents:
c:\Users\LENOVO\.vscode\extensions\redhat.java-1.55.0-win32-x64\lombok\lombok-1.18.39-4050.jar path:c:\Users\LENOVO\.vscode\extensions\redhat.java-1.55.0-win32-x64\jre\21.0.11-win32-x86_64\bin\instrument.dll, loaded, initialized, instrumentlib options:none

dbghelp: loaded successfully - version: 4.0.5 - missing functions: none
symbol engine: initialized successfully - sym options: 0x614 - pdb path: .;c:\Users\LENOVO\.vscode\extensions\redhat.java-1.55.0-win32-x64\jre\21.0.11-win32-x86_64\bin;C:\WINDOWS\SYSTEM32;C:\WINDOWS\WinSxS\amd64_microsoft.windows.common-controls_6595b64144ccf1df_6.0.26100.8737_none_3e092eaee333b772;c:\Users\LENOVO\.vscode\extensions\redhat.java-1.55.0-win32-x64\jre\21.0.11-win32-x86_64\bin\server;C:\Users\LENOVO\AppData\Roaming\Code\User\globalStorage\redhat.java\1.55.0\config_ss_win\org.eclipse.equinox.launcher\org.eclipse.equinox.launcher.win32.win32.x86_64_1.3.100.v20260613-0559;C:\Users\LENOVO\AppData\Local\Temp\jna--2053026509

VM Arguments:
jvm_args: --add-modules=ALL-SYSTEM --add-opens=java.base/java.util=ALL-UNNAMED --add-opens=java.base/java.lang=ALL-UNNAMED --add-opens=java.base/sun.nio.fs=ALL-UNNAMED -Declipse.application=org.eclipse.jdt.ls.core.id1 -Dosgi.bundles.defaultStartLevel=4 -Declipse.product=org.eclipse.jdt.ls.core.product -Djava.import.generatesMetadataFilesAtProjectRoot=false -DDetectVMInstallationsJob.disabled=true -Dfile.encoding=utf8 -XX:+UseParallelGC -XX:GCTimeRatio=4 -XX:AdaptiveSizePolicyWeight=90 -Dsun.zip.disableMemoryMapping=true -Xmx2G -Xms100m -Xlog:disable -javaagent:c:\Users\LENOVO\.vscode\extensions\redhat.java-1.55.0-win32-x64\lombok\lombok-1.18.39-4050.jar 
java_command: c:\Users\LENOVO\.vscode\extensions\redhat.java-1.55.0-win32-x64\server\plugins\org.eclipse.equinox.launcher_1.7.200.v20260619-2039.jar -configuration c:\Users\LENOVO\AppData\Roaming\Code\User\globalStorage\redhat.java\1.55.0\config_ss_win -data c:\Users\LENOVO\AppData\Roaming\Code\User\workspaceStorage\84a9ee0c8d2d6fa00e0b82af2be657ab\redhat.java\ss_ws --pipe=\\.\pipe\lsp-1459c598ba9b3e81f0c2b81b763d1842-sock
java_class_path (initial): c:\Users\LENOVO\.vscode\extensions\redhat.java-1.55.0-win32-x64\server\plugins\org.eclipse.equinox.launcher_1.7.200.v20260619-2039.jar
Launcher Type: SUN_STANDARD

[Global flags]
    uintx AdaptiveSizePolicyWeight                 = 90                                        {product} {command line}
     intx CICompilerCount                          = 4                                         {product} {ergonomic}
    uintx GCTimeRatio                              = 4                                         {product} {command line}
   size_t InitialHeapSize                          = 104857600                                 {product} {command line}
   size_t MaxHeapSize                              = 2147483648                                {product} {command line}
   size_t MaxNewSize                               = 715653120                                 {product} {ergonomic}
   size_t MinHeapDeltaBytes                        = 524288                                    {product} {ergonomic}
   size_t MinHeapSize                              = 104857600                                 {product} {command line}
   size_t NewSize                                  = 34603008                                  {product} {ergonomic}
    uintx NonNMethodCodeHeapSize                   = 5839372                                {pd product} {ergonomic}
    uintx NonProfiledCodeHeapSize                  = 122909434                              {pd product} {ergonomic}
   size_t OldSize                                  = 70254592                                  {product} {ergonomic}
    uintx ProfiledCodeHeapSize                     = 122909434                              {pd product} {ergonomic}
    uintx ReservedCodeCacheSize                    = 251658240                              {pd product} {ergonomic}
     bool SegmentedCodeCache                       = true                                      {product} {ergonomic}
   size_t SoftMaxHeapSize                          = 2147483648                             {manageable} {ergonomic}
     bool UseCompressedOops                        = true                           {product lp64_product} {ergonomic}
     bool UseLargePagesIndividualAllocation        = false                                  {pd product} {ergonomic}
     bool UseParallelGC                            = true                                      {product} {command line}

Logging:
Log output configuration:
 #0: stdout all=off uptime,level,tags foldmultilines=false
 #1: stderr all=off uptime,level,tags foldmultilines=false

Release file:
JAVA_VERSION="21.0.11" 
MODULES="java.base java.compiler java.datatransfer java.xml java.prefs java.desktop java.instrument java.logging java.management java.security.sasl java.naming java.rmi java.management.rmi java.net.http java.scripting java.security.jgss java.transaction.xa java.sql java.sql.rowset java.xml.crypto java.se java.smartcardio jdk.accessibility jdk.internal.jvmstat jdk.attach jdk.charsets jdk.internal.opt jdk.zipfs jdk.compiler jdk.crypto.ec jdk.crypto.cryptoki jdk.crypto.mscapi jdk.dynalink jdk.internal.ed jdk.editpad jdk.hotspot.agent jdk.httpserver jdk.internal.le jdk.internal.vm.ci jdk.internal.vm.compiler jdk.internal.vm.compiler.management jdk.jartool jdk.javadoc jdk.jcmd jdk.management jdk.management.agent jdk.jconsole jdk.jdeps jdk.jdwp.agent jdk.jdi jdk.jfr jdk.jshell jdk.jsobject jdk.jstatd jdk.localedata jdk.management.jfr jdk.naming.dns jdk.naming.rmi jdk.net jdk.nio.mapmode jdk.random jdk.sctp jdk.security.auth jdk.security.jgss jdk.unsupported jdk.unsupported.desktop jdk.xml.dom" 

Environment Variables:
JAVA_HOME=C:\Program Files\Eclipse Adoptium\jdk-25.0.2.10-hotspot
PATH=C:\Program Files\Eclipse Adoptium\jdk-25.0.2.10-hotspot\bin;C:\WINDOWS\system32;C:\WINDOWS;C:\WINDOWS\System32\Wbem;C:\WINDOWS\System32\WindowsPowerShell\v1.0\;C:\WINDOWS\System32\OpenSSH\;C:\Program Files\php-8.3.6;C:\Program Files\cursor\resources\app\bin;C:\Program Files\nodejs\;C:\ProgramData\chocolatey\bin;C:\Program Files\Git\cmd;C:\mingw64\bin;C:\Users\LENOVO\Downloads\apache-maven-3.9.16-bin;C:\Users\LENOVO\AppData\Local\Programs\Python\Python313\Scripts\;C:\Users\LENOVO\AppData\Local\Programs\Python\Python313\;C:\Users\LENOVO\AppData\Local\Microsoft\WindowsApps;C:\mingw32\bin;C:\Users\LENOVO\AppData\Local\Programs\Microsoft VS Code\bin;C:\Users\LENOVO\AppData\Roaming\npm;C:\Users\LENOVO\AppData\Local\Programs\Antigravity\bin;C:\Program Files\JetBrains\IntelliJ IDEA 2025.3.4\bin;C:\ProgramData\LENOVO\GitHubDesktop\bin
USERNAME=LENOVO
OS=Windows_NT
PROCESSOR_IDENTIFIER=AMD64 Family 23 Model 104 Stepping 1, AuthenticAMD
TMP=C:\Users\LENOVO\AppData\Local\Temp
TEMP=C:\Users\LENOVO\AppData\Local\Temp




Periodic native trim disabled

---------------  S Y S T E M  ---------------

OS:
 Windows 11 , 64 bit Build 26100 (10.0.26100.8737)
OS uptime: 6 days 0:26 hours

CPU: total 12 (initial active 12) (12 cores per cpu, 2 threads per core) family 23 model 104 stepping 1 microcode 0x8608103, cx8, cmov, fxsr, ht, mmx, 3dnowpref, sse, sse2, sse3, ssse3, sse4a, sse4.1, sse4.2, popcnt, lzcnt, tsc, tscinvbit, avx, avx2, aes, clmul, bmi1, bmi2, adx, sha, fma, vzeroupper, clflush, clflushopt, rdtscp, rdpid, f16c
Processor Information for the first 12 processors :
  Max Mhz: 2100, Current Mhz: 1988, Mhz Limit: 2100

Memory: 4k page, system-wide physical 6005M (333M free)
TotalPageFile size 24437M (AvailPageFile size 0M)
current process WorkingSet (physical memory assigned to process): 159M, peak: 164M
current process commit charge ("private bytes"): 294M, peak: 308M

vm_info: OpenJDK 64-Bit Server VM (21.0.11+10-LTS) for windows-amd64 JRE (21.0.11+10-LTS), built on 2026-04-21T00:00:00Z by "admin" with MS VC++ 17.12 (VS2022)

END.
